{"meta": {"format": 3, "version": "7.14.0", "timestamp": "2026-05-15T04:37:46.436817", "branch_coverage": false, "show_contexts": false}, "files": {"admesh/__init__.py": {"executed_lines": [6, 12, 13, 14, 19, 20, 21, 26, 27, 36, 38], "summary": {"covered_lines": 11, "num_statements": 11, "percent_covered": 100.0, "percent_covered_display": "100", "missing_lines": 0, "excluded_lines": 0, "percent_statements_covered": 100.0, "percent_statements_covered_display": "100"}, "missing_lines": [], "excluded_lines": [], "functions": {"": {"executed_lines": [6, 12, 13, 14, 19, 20, 21, 26, 27, 36, 38], "summary": {"covered_lines": 11, "num_statements": 11, "percent_covered": 100.0, "percent_covered_display": "100", "missing_lines": 0, "excluded_lines": 0, "percent_statements_covered": 100.0, "percent_statements_covered_display": "100"}, "missing_lines": [], "excluded_lines": [], "start_line": 1}}, "classes": {"": {"executed_lines": [6, 12, 13, 14, 19, 20, 21, 26, 27, 36, 38], "summary": {"covered_lines": 11, "num_statements": 11, "percent_covered": 100.0, "percent_covered_display": "100", "missing_lines": 0, "excluded_lines": 0, "percent_statements_covered": 100.0, "percent_statements_covered_display": "100"}, "missing_lines": [], "excluded_lines": [], "start_line": 1}}}, "admesh/api.py": {"executed_lines": [13, 15, 16, 17, 18, 20, 22, 27, 35, 36, 54, 55, 56, 58, 59, 60, 61, 64, 65, 68, 69, 72, 73, 79, 80, 90, 91, 92, 93, 94, 95, 97, 98, 99, 101, 102, 103, 105, 106, 107, 109, 114, 116, 118, 129, 131, 133, 146, 155, 156, 157, 159, 161, 162, 163, 164, 165, 166, 167, 168, 170, 173, 174, 176, 177, 178, 179, 181, 182, 183, 185, 186, 187, 188, 189, 191, 192, 197, 198, 199, 200, 201, 202, 203, 204, 205, 209, 210, 211, 212, 213, 214, 216, 217, 222, 223, 228, 231, 232, 254, 255, 256, 257, 258, 260, 261, 278, 281, 282, 286, 298, 299, 301, 302, 303, 305, 306, 308, 309, 310, 311, 312, 313, 314, 315, 316, 317, 318, 320, 321, 322, 323, 325, 326, 327, 331, 332, 333, 337, 338, 339, 341, 349, 365, 366, 367, 368, 369, 370, 371, 372, 374, 375, 376, 377, 378, 379, 380, 381, 389, 405, 407, 408, 409, 411, 412, 415, 429, 430, 431, 432, 433, 434, 435, 436, 437, 438, 445, 446, 447, 448, 449, 450, 452, 460, 462, 463, 464, 466, 467, 468, 469, 470, 471, 472, 476, 477, 478, 482, 483, 484, 485, 487, 488, 489, 490, 491, 492, 493, 494, 495, 496, 500, 501, 503, 504, 505, 506, 507, 508, 514, 515, 530, 531, 532, 535, 548, 549, 551, 552, 558, 567, 573, 574, 575, 577, 578, 579, 580, 582, 583, 585, 590, 645, 646, 649, 650, 651, 654, 655, 657, 660, 661, 662, 663, 664, 673, 674, 675, 676, 677, 678, 679, 693, 694, 701, 702, 703, 705, 706, 713, 716, 718, 719, 720, 728, 733, 734, 737, 738, 741, 748, 749, 750, 752, 753, 754, 755, 758, 767, 768, 770, 772], "summary": {"covered_lines": 293, "num_statements": 316, "percent_covered": 92.72151898734177, "percent_covered_display": "93", "missing_lines": 23, "excluded_lines": 2, "percent_statements_covered": 92.72151898734177, "percent_statements_covered_display": "93"}, "missing_lines": [142, 144, 158, 160, 169, 175, 180, 221, 225, 283, 373, 406, 439, 461, 465, 502, 560, 561, 562, 563, 564, 581, 759], "excluded_lines": [24, 25], "functions": {"BoundarySegment.__post_init__": {"executed_lines": [59, 60, 61, 64, 65, 68, 69, 72, 73], "summary": {"covered_lines": 9, "num_statements": 9, "percent_covered": 100.0, "percent_covered_display": "100", "missing_lines": 0, "excluded_lines": 0, "percent_statements_covered": 100.0, "percent_statements_covered_display": "100"}, "missing_lines": [], "excluded_lines": [], "start_line": 58}, "Mesh.n_nodes": {"executed_lines": [99], "summary": {"covered_lines": 1, "num_statements": 1, "percent_covered": 100.0, "percent_covered_display": "100", "missing_lines": 0, "excluded_lines": 0, "percent_statements_covered": 100.0, "percent_statements_covered_display": "100"}, "missing_lines": [], "excluded_lines": [], "start_line": 98}, "Mesh.n_elements": {"executed_lines": [103], "summary": {"covered_lines": 1, "num_statements": 1, "percent_covered": 100.0, "percent_covered_display": "100", "missing_lines": 0, "excluded_lines": 0, "percent_statements_covered": 100.0, "percent_statements_covered_display": "100"}, "missing_lines": [], "excluded_lines": [], "start_line": 102}, "Mesh.n_boundaries": {"executed_lines": [107], "summary": {"covered_lines": 1, "num_statements": 1, "percent_covered": 100.0, "percent_covered_display": "100", "missing_lines": 0, "excluded_lines": 0, "percent_statements_covered": 100.0, "percent_statements_covered_display": "100"}, "missing_lines": [], "excluded_lines": [], "start_line": 106}, "Mesh.to_fort14": {"executed_lines": [114, 116], "summary": {"covered_lines": 2, "num_statements": 2, "percent_covered": 100.0, "percent_covered_display": "100", "missing_lines": 0, "excluded_lines": 0, "percent_statements_covered": 100.0, "percent_statements_covered_display": "100"}, "missing_lines": [], "excluded_lines": [], "start_line": 109}, "Mesh.plot": {"executed_lines": [129, 131], "summary": {"covered_lines": 2, "num_statements": 2, "percent_covered": 100.0, "percent_covered_display": "100", "missing_lines": 0, "excluded_lines": 0, "percent_statements_covered": 100.0, "percent_statements_covered_display": "100"}, "missing_lines": [], "excluded_lines": [], "start_line": 118}, "Mesh.plot_layers": {"executed_lines": [], "summary": {"covered_lines": 0, "num_statements": 2, "percent_covered": 0.0, "percent_covered_display": "0", "missing_lines": 2, "excluded_lines": 0, "percent_statements_covered": 0.0, "percent_statements_covered_display": "0"}, "missing_lines": [142, 144], "excluded_lines": [], "start_line": 133}, "Mesh.equals": {"executed_lines": [155, 156, 157, 159, 161, 162, 163, 164, 165, 166, 167, 168, 170, 173, 174, 176, 177, 178, 179, 181, 182, 183], "summary": {"covered_lines": 22, "num_statements": 27, "percent_covered": 81.48148148148148, "percent_covered_display": "81", "missing_lines": 5, "excluded_lines": 0, "percent_statements_covered": 81.48148148148148, "percent_statements_covered_display": "81"}, "missing_lines": [158, 160, 169, 175, 180], "excluded_lines": [], "start_line": 146}, "Mesh.__repr__": {"executed_lines": [186, 187, 188, 189, 191, 192], "summary": {"covered_lines": 6, "num_statements": 6, "percent_covered": 100.0, "percent_covered_display": "100", "missing_lines": 0, "excluded_lines": 0, "percent_statements_covered": 100.0, "percent_statements_covered_display": "100"}, "missing_lines": [], "excluded_lines": [], "start_line": 185}, "Mesh.__str__": {"executed_lines": [198, 199, 200, 201, 202, 203, 204, 205, 209, 210, 211, 212, 213, 214, 216, 217, 222, 223, 228], "summary": {"covered_lines": 19, "num_statements": 21, "percent_covered": 90.47619047619048, "percent_covered_display": "90", "missing_lines": 2, "excluded_lines": 0, "percent_statements_covered": 90.47619047619048, "percent_statements_covered_display": "90"}, "missing_lines": [221, 225], "excluded_lines": [], "start_line": 197}, "Domain.from_mesh": {"executed_lines": [278, 281, 282, 286, 298, 299, 301, 302, 303, 305, 306, 308, 320, 321, 322, 323, 325, 341], "summary": {"covered_lines": 18, "num_statements": 19, "percent_covered": 94.73684210526316, "percent_covered_display": "95", "missing_lines": 1, "excluded_lines": 0, "percent_statements_covered": 94.73684210526316, "percent_statements_covered_display": "95"}, "missing_lines": [283], "excluded_lines": [], "start_line": 261}, "Domain.from_mesh._dense_sample_ring": {"executed_lines": [309, 310, 311, 312, 313, 314, 315, 316, 317, 318], "summary": {"covered_lines": 10, "num_statements": 10, "percent_covered": 100.0, "percent_covered_display": "100", "missing_lines": 0, "excluded_lines": 0, "percent_statements_covered": 100.0, "percent_statements_covered_display": "100"}, "missing_lines": [], "excluded_lines": [], "start_line": 308}, "Domain.from_mesh.sdf": {"executed_lines": [326, 327, 331, 332, 333, 337, 338, 339], "summary": {"covered_lines": 8, "num_statements": 8, "percent_covered": 100.0, "percent_covered_display": "100", "missing_lines": 0, "excluded_lines": 0, "percent_statements_covered": 100.0, "percent_statements_covered_display": "100"}, "missing_lines": [], "excluded_lines": [], "start_line": 325}, "_seed_boundary_1d": {"executed_lines": [365, 366, 367, 368, 369, 370, 371, 372, 374, 375, 376, 377, 378, 379, 380, 381], "summary": {"covered_lines": 16, "num_statements": 17, "percent_covered": 94.11764705882354, "percent_covered_display": "94", "missing_lines": 1, "excluded_lines": 0, "percent_statements_covered": 94.11764705882354, "percent_statements_covered_display": "94"}, "missing_lines": [373], "excluded_lines": [], "start_line": 349}, "_ring_area": {"executed_lines": [405, 407, 408, 409, 411, 412], "summary": {"covered_lines": 6, "num_statements": 7, "percent_covered": 85.71428571428571, "percent_covered_display": "86", "missing_lines": 1, "excluded_lines": 0, "percent_statements_covered": 85.71428571428571, "percent_statements_covered_display": "86"}, "missing_lines": [406], "excluded_lines": [], "start_line": 389}, "_derive_boundary_segments": {"executed_lines": [429, 430, 431, 432, 433, 434, 435, 436, 437, 438, 445, 446, 447, 448, 449, 450, 452, 482, 483, 484, 485, 487, 488, 489, 490, 491, 492, 493, 494, 495, 496, 500, 501, 503, 504, 505, 506, 507, 508, 514, 515], "summary": {"covered_lines": 41, "num_statements": 43, "percent_covered": 95.34883720930233, "percent_covered_display": "95", "missing_lines": 2, "excluded_lines": 0, "percent_statements_covered": 95.34883720930233, "percent_statements_covered_display": "95"}, "missing_lines": [439, 502], "excluded_lines": [], "start_line": 415}, "_derive_boundary_segments._pick_next": {"executed_lines": [460, 462, 463, 464, 466, 467, 468, 469, 470, 471, 472, 476, 477, 478], "summary": {"covered_lines": 14, "num_statements": 16, "percent_covered": 87.5, "percent_covered_display": "88", "missing_lines": 2, "excluded_lines": 0, "percent_statements_covered": 87.5, "percent_statements_covered_display": "88"}, "missing_lines": [461, 465], "excluded_lines": [], "start_line": 452}, "_bbox_diag": {"executed_lines": [531, 532], "summary": {"covered_lines": 2, "num_statements": 2, "percent_covered": 100.0, "percent_covered_display": "100", "missing_lines": 0, "excluded_lines": 0, "percent_statements_covered": 100.0, "percent_statements_covered_display": "100"}, "missing_lines": [], "excluded_lines": [], "start_line": 530}, "_load_domain_from_source": {"executed_lines": [548, 549, 551, 552, 558, 567, 573, 574, 575, 577, 578, 579, 580, 582, 583, 585], "summary": {"covered_lines": 16, "num_statements": 22, "percent_covered": 72.72727272727273, "percent_covered_display": "73", "missing_lines": 6, "excluded_lines": 0, "percent_statements_covered": 72.72727272727273, "percent_statements_covered_display": "73"}, "missing_lines": [560, 561, 562, 563, 564, 581], "excluded_lines": [], "start_line": 535}, "triangulate": {"executed_lines": [645, 646, 649, 650, 651, 654, 655, 657, 660, 661, 662, 663, 664, 673, 674, 675, 676, 677, 678, 679, 693, 694, 701, 702, 703, 705, 706, 713, 716, 718, 719, 720, 728, 733, 734, 737, 738, 741, 748, 749, 750, 752, 753, 754, 755, 758, 767, 768, 770, 772], "summary": {"covered_lines": 50, "num_statements": 51, "percent_covered": 98.03921568627452, "percent_covered_display": "98", "missing_lines": 1, "excluded_lines": 0, "percent_statements_covered": 98.03921568627452, "percent_statements_covered_display": "98"}, "missing_lines": [759], "excluded_lines": [], "start_line": 590}, "": {"executed_lines": [13, 15, 16, 17, 18, 20, 22, 27, 35, 36, 54, 55, 56, 58, 79, 80, 90, 91, 92, 93, 94, 95, 97, 98, 101, 102, 105, 106, 109, 118, 133, 146, 185, 197, 231, 232, 254, 255, 256, 257, 258, 260, 261, 349, 389, 415, 530, 535, 590], "summary": {"covered_lines": 49, "num_statements": 49, "percent_covered": 100.0, "percent_covered_display": "100", "missing_lines": 0, "excluded_lines": 2, "percent_statements_covered": 100.0, "percent_statements_covered_display": "100"}, "missing_lines": [], "excluded_lines": [24, 25], "start_line": 1}}, "classes": {"BoundarySegment": {"executed_lines": [59, 60, 61, 64, 65, 68, 69, 72, 73], "summary": {"covered_lines": 9, "num_statements": 9, "percent_covered": 100.0, "percent_covered_display": "100", "missing_lines": 0, "excluded_lines": 0, "percent_statements_covered": 100.0, "percent_statements_covered_display": "100"}, "missing_lines": [], "excluded_lines": [], "start_line": 36}, "Mesh": {"executed_lines": [99, 103, 107, 114, 116, 129, 131, 155, 156, 157, 159, 161, 162, 163, 164, 165, 166, 167, 168, 170, 173, 174, 176, 177, 178, 179, 181, 182, 183, 186, 187, 188, 189, 191, 192, 198, 199, 200, 201, 202, 203, 204, 205, 209, 210, 211, 212, 213, 214, 216, 217, 222, 223, 228], "summary": {"covered_lines": 54, "num_statements": 63, "percent_covered": 85.71428571428571, "percent_covered_display": "86", "missing_lines": 9, "excluded_lines": 0, "percent_statements_covered": 85.71428571428571, "percent_statements_covered_display": "86"}, "missing_lines": [142, 144, 158, 160, 169, 175, 180, 221, 225], "excluded_lines": [], "start_line": 80}, "Domain": {"executed_lines": [278, 281, 282, 286, 298, 299, 301, 302, 303, 305, 306, 308, 309, 310, 311, 312, 313, 314, 315, 316, 317, 318, 320, 321, 322, 323, 325, 326, 327, 331, 332, 333, 337, 338, 339, 341], "summary": {"covered_lines": 36, "num_statements": 37, "percent_covered": 97.29729729729729, "percent_covered_display": "97", "missing_lines": 1, "excluded_lines": 0, "percent_statements_covered": 97.29729729729729, "percent_statements_covered_display": "97"}, "missing_lines": [283], "excluded_lines": [], "start_line": 232}, "": {"executed_lines": [13, 15, 16, 17, 18, 20, 22, 27, 35, 36, 54, 55, 56, 58, 79, 80, 90, 91, 92, 93, 94, 95, 97, 98, 101, 102, 105, 106, 109, 118, 133, 146, 185, 197, 231, 232, 254, 255, 256, 257, 258, 260, 261, 349, 365, 366, 367, 368, 369, 370, 371, 372, 374, 375, 376, 377, 378, 379, 380, 381, 389, 405, 407, 408, 409, 411, 412, 415, 429, 430, 431, 432, 433, 434, 435, 436, 437, 438, 445, 446, 447, 448, 449, 450, 452, 460, 462, 463, 464, 466, 467, 468, 469, 470, 471, 472, 476, 477, 478, 482, 483, 484, 485, 487, 488, 489, 490, 491, 492, 493, 494, 495, 496, 500, 501, 503, 504, 505, 506, 507, 508, 514, 515, 530, 531, 532, 535, 548, 549, 551, 552, 558, 567, 573, 574, 575, 577, 578, 579, 580, 582, 583, 585, 590, 645, 646, 649, 650, 651, 654, 655, 657, 660, 661, 662, 663, 664, 673, 674, 675, 676, 677, 678, 679, 693, 694, 701, 702, 703, 705, 706, 713, 716, 718, 719, 720, 728, 733, 734, 737, 738, 741, 748, 749, 750, 752, 753, 754, 755, 758, 767, 768, 770, 772], "summary": {"covered_lines": 194, "num_statements": 207, "percent_covered": 93.71980676328502, "percent_covered_display": "94", "missing_lines": 13, "excluded_lines": 2, "percent_statements_covered": 93.71980676328502, "percent_statements_covered_display": "94"}, "missing_lines": [373, 406, 439, 461, 465, 502, 560, 561, 562, 563, 564, 581, 759], "excluded_lines": [24, 25], "start_line": 1}}}, "admesh/background_grid.py": {"executed_lines": [], "summary": {"covered_lines": 0, "num_statements": 0, "percent_covered": 100.0, "percent_covered_display": "100", "missing_lines": 0, "excluded_lines": 0, "percent_statements_covered": 100.0, "percent_statements_covered_display": "100"}, "missing_lines": [], "excluded_lines": [], "functions": {"": {"executed_lines": [], "summary": {"covered_lines": 0, "num_statements": 0, "percent_covered": 100.0, "percent_covered_display": "100", "missing_lines": 0, "excluded_lines": 0, "percent_statements_covered": 100.0, "percent_statements_covered_display": "100"}, "missing_lines": [], "excluded_lines": [], "start_line": 1}}, "classes": {"": {"executed_lines": [], "summary": {"covered_lines": 0, "num_statements": 0, "percent_covered": 100.0, "percent_covered_display": "100", "missing_lines": 0, "excluded_lines": 0, "percent_statements_covered": 100.0, "percent_statements_covered_display": "100"}, "missing_lines": [], "excluded_lines": [], "start_line": 1}}}, "admesh/bathymetry.py": {"executed_lines": [20, 22, 24, 25, 27, 29, 30, 33, 59, 60, 61, 62, 66, 67, 68, 71, 118, 119, 120, 121, 122, 124, 125, 126, 131, 132, 138, 148, 149, 150, 153, 156, 160, 161, 164], "summary": {"covered_lines": 35, "num_statements": 36, "percent_covered": 97.22222222222223, "percent_covered_display": "97", "missing_lines": 1, "excluded_lines": 0, "percent_statements_covered": 97.22222222222223, "percent_statements_covered_display": "97"}, "missing_lines": [63], "excluded_lines": [], "functions": {"create_elevation_grid": {"executed_lines": [59, 60, 61, 62, 66, 67, 68], "summary": {"covered_lines": 7, "num_statements": 8, "percent_covered": 87.5, "percent_covered_display": "88", "missing_lines": 1, "excluded_lines": 0, "percent_statements_covered": 87.5, "percent_statements_covered_display": "88"}, "missing_lines": [63], "excluded_lines": [], "start_line": 33}, "apply_bathymetry": {"executed_lines": [118, 119, 120, 121, 122, 124, 125, 126, 131, 132, 138, 148, 149, 150, 153, 156, 160, 161, 164], "summary": {"covered_lines": 19, "num_statements": 19, "percent_covered": 100.0, "percent_covered_display": "100", "missing_lines": 0, "excluded_lines": 0, "percent_statements_covered": 100.0, "percent_statements_covered_display": "100"}, "missing_lines": [], "excluded_lines": [], "start_line": 71}, "": {"executed_lines": [20, 22, 24, 25, 27, 29, 30, 33, 71], "summary": {"covered_lines": 9, "num_statements": 9, "percent_covered": 100.0, "percent_covered_display": "100", "missing_lines": 0, "excluded_lines": 0, "percent_statements_covered": 100.0, "percent_statements_covered_display": "100"}, "missing_lines": [], "excluded_lines": [], "start_line": 1}}, "classes": {"": {"executed_lines": [20, 22, 24, 25, 27, 29, 30, 33, 59, 60, 61, 62, 66, 67, 68, 71, 118, 119, 120, 121, 122, 124, 125, 126, 131, 132, 138, 148, 149, 150, 153, 156, 160, 161, 164], "summary": {"covered_lines": 35, "num_statements": 36, "percent_covered": 97.22222222222223, "percent_covered_display": "97", "missing_lines": 1, "excluded_lines": 0, "percent_statements_covered": 97.22222222222223, "percent_statements_covered_display": "97"}, "missing_lines": [63], "excluded_lines": [], "start_line": 1}}}, "admesh/boundary.py": {"executed_lines": [41, 43, 44, 45, 47, 48, 50, 51, 52, 54, 57, 60, 61, 62, 63, 70, 71, 72, 75, 76, 86, 87, 90, 91, 104, 105, 106, 107, 108, 111, 112, 137, 138, 139, 140, 142, 143, 147, 148, 150, 153, 154, 155, 157, 158, 159, 163, 164, 180, 181, 182, 184, 185, 186, 187, 188, 190, 191, 208, 209, 210, 211, 212, 213, 214, 215, 216, 218, 219, 220, 221, 222, 223, 224, 225, 226, 232, 267, 268, 270, 271, 275, 276, 283, 284, 285, 286, 287, 291, 292, 293, 295, 299, 306, 315, 316, 317, 319, 322, 377, 378, 379, 380, 381, 385, 386, 389, 390, 393, 394, 397, 398, 399, 402, 403, 404, 406, 409, 422, 423, 425, 426, 433, 453, 454, 455, 456, 457, 459, 460, 462, 463, 464, 465, 466, 467, 469, 470, 472, 473, 475, 481, 503, 504, 505, 506, 507, 509, 510, 511, 512, 513, 514, 515, 516, 517, 518, 520, 521, 522, 523, 529, 533, 534, 535, 538, 539, 540, 541, 544, 548, 549, 550, 552, 553, 554, 555, 556, 557, 559, 560, 562, 563, 564, 565, 568, 569, 575, 576, 577, 578, 579, 582, 586, 588, 589, 591, 592, 593, 594, 596, 597, 598, 599, 600, 601, 602, 603, 604, 605, 606, 607, 608, 609, 610, 611, 612, 613, 614, 615, 616, 617, 618, 619, 620, 621, 622, 623, 624, 627, 629, 630, 631, 632, 633, 635, 636, 637, 638, 639, 642, 643, 644, 647, 649, 650], "summary": {"covered_lines": 246, "num_statements": 261, "percent_covered": 94.25287356321839, "percent_covered_display": "94", "missing_lines": 15, "excluded_lines": 0, "percent_statements_covered": 94.25287356321839, "percent_statements_covered_display": "94"}, "missing_lines": [144, 149, 151, 217, 269, 272, 382, 424, 428, 429, 430, 536, 537, 587, 634], "excluded_lines": [], "functions": {"PTS.__post_init__": {"executed_lines": [143, 147, 148, 150], "summary": {"covered_lines": 4, "num_statements": 7, "percent_covered": 57.142857142857146, "percent_covered_display": "57", "missing_lines": 3, "excluded_lines": 0, "percent_statements_covered": 57.142857142857146, "percent_statements_covered_display": "57"}, "missing_lines": [144, 149, 151], "excluded_lines": [], "start_line": 142}, "PTS.n_rings": {"executed_lines": [155], "summary": {"covered_lines": 1, "num_statements": 1, "percent_covered": 100.0, "percent_covered_display": "100", "missing_lines": 0, "excluded_lines": 0, "percent_statements_covered": 100.0, "percent_statements_covered_display": "100"}, "missing_lines": [], "excluded_lines": [], "start_line": 154}, "PTS.n_vertices": {"executed_lines": [159], "summary": {"covered_lines": 1, "num_statements": 1, "percent_covered": 100.0, "percent_covered_display": "100", "missing_lines": 0, "excluded_lines": 0, "percent_statements_covered": 100.0, "percent_statements_covered_display": "100"}, "missing_lines": [], "excluded_lines": [], "start_line": 158}, "PTS.from_polygons": {"executed_lines": [180, 181, 182, 184, 185, 186, 187, 188], "summary": {"covered_lines": 8, "num_statements": 8, "percent_covered": 100.0, "percent_covered_display": "100", "missing_lines": 0, "excluded_lines": 0, "percent_statements_covered": 100.0, "percent_statements_covered_display": "100"}, "missing_lines": [], "excluded_lines": [], "start_line": 164}, "PTS.from_domain": {"executed_lines": [208, 209, 210, 211, 212, 213, 214, 215, 216, 218, 219, 220, 221, 222, 223, 224, 225, 226], "summary": {"covered_lines": 18, "num_statements": 19, "percent_covered": 94.73684210526316, "percent_covered_display": "95", "missing_lines": 1, "excluded_lines": 0, "percent_statements_covered": 94.73684210526316, "percent_statements_covered_display": "95"}, "missing_lines": [217], "excluded_lines": [], "start_line": 191}, "create_polygon_structure": {"executed_lines": [267, 268, 270, 271, 275, 276, 283, 284, 285, 286, 287, 291, 292, 293, 295, 299, 306, 315, 316, 317, 319], "summary": {"covered_lines": 21, "num_statements": 23, "percent_covered": 91.30434782608695, "percent_covered_display": "91", "missing_lines": 2, "excluded_lines": 0, "percent_statements_covered": 91.30434782608695, "percent_statements_covered_display": "91"}, "missing_lines": [269, 272], "excluded_lines": [], "start_line": 232}, "enforce_boundary_conditions": {"executed_lines": [377, 378, 379, 380, 381, 385, 386, 389, 390, 393, 394, 397, 398, 399, 402, 403, 404, 406], "summary": {"covered_lines": 18, "num_statements": 19, "percent_covered": 94.73684210526316, "percent_covered_display": "95", "missing_lines": 1, "excluded_lines": 0, "percent_statements_covered": 94.73684210526316, "percent_statements_covered_display": "95"}, "missing_lines": [382], "excluded_lines": [], "start_line": 322}, "_apply_mask_or_indices": {"executed_lines": [422, 423, 425, 426], "summary": {"covered_lines": 4, "num_statements": 8, "percent_covered": 50.0, "percent_covered_display": "50", "missing_lines": 4, "excluded_lines": 0, "percent_statements_covered": 50.0, "percent_statements_covered_display": "50"}, "missing_lines": [424, 428, 429, 430], "excluded_lines": [], "start_line": 409}, "_enforce_barrier_band": {"executed_lines": [453, 454, 455, 456, 457, 459, 460, 462, 463, 464, 465, 466, 467, 469, 470, 472, 473, 475], "summary": {"covered_lines": 18, "num_statements": 18, "percent_covered": 100.0, "percent_covered_display": "100", "missing_lines": 0, "excluded_lines": 0, "percent_statements_covered": 100.0, "percent_statements_covered_display": "100"}, "missing_lines": [], "excluded_lines": [], "start_line": 433}, "classify_nodes_against_pts": {"executed_lines": [503, 504, 505, 506, 507, 509, 510, 511, 512, 513, 514, 515, 516, 517, 518, 520, 521, 522, 523], "summary": {"covered_lines": 19, "num_statements": 19, "percent_covered": 100.0, "percent_covered_display": "100", "missing_lines": 0, "excluded_lines": 0, "percent_statements_covered": 100.0, "percent_statements_covered_display": "100"}, "missing_lines": [], "excluded_lines": [], "start_line": 481}, "_point_segment_distance": {"executed_lines": [533, 534, 535, 538, 539, 540, 541], "summary": {"covered_lines": 7, "num_statements": 9, "percent_covered": 77.77777777777777, "percent_covered_display": "78", "missing_lines": 2, "excluded_lines": 0, "percent_statements_covered": 77.77777777777777, "percent_statements_covered_display": "78"}, "missing_lines": [536, 537], "excluded_lines": [], "start_line": 529}, "_marching_squares": {"executed_lines": [548, 549, 550, 552, 553, 554, 555, 556, 557, 559, 560, 562, 568, 569, 575, 576, 577, 578, 579], "summary": {"covered_lines": 19, "num_statements": 19, "percent_covered": 100.0, "percent_covered_display": "100", "missing_lines": 0, "excluded_lines": 0, "percent_statements_covered": 100.0, "percent_statements_covered_display": "100"}, "missing_lines": [], "excluded_lines": [], "start_line": 544}, "_marching_squares.interp": {"executed_lines": [563, 564, 565], "summary": {"covered_lines": 3, "num_statements": 3, "percent_covered": 100.0, "percent_covered_display": "100", "missing_lines": 0, "excluded_lines": 0, "percent_statements_covered": 100.0, "percent_statements_covered_display": "100"}, "missing_lines": [], "excluded_lines": [], "start_line": 562}, "_chain_segments": {"executed_lines": [586, 588, 591, 592, 593, 594, 596, 597, 598, 599, 600, 601, 602, 603, 604, 605, 606, 607, 608, 609, 610, 611, 612, 613, 614, 615, 616, 617, 618, 619, 620, 621, 622, 623, 624], "summary": {"covered_lines": 35, "num_statements": 36, "percent_covered": 97.22222222222223, "percent_covered_display": "97", "missing_lines": 1, "excluded_lines": 0, "percent_statements_covered": 97.22222222222223, "percent_statements_covered_display": "97"}, "missing_lines": [587], "excluded_lines": [], "start_line": 582}, "_chain_segments.key": {"executed_lines": [589], "summary": {"covered_lines": 1, "num_statements": 1, "percent_covered": 100.0, "percent_covered_display": "100", "missing_lines": 0, "excluded_lines": 0, "percent_statements_covered": 100.0, "percent_statements_covered_display": "100"}, "missing_lines": [], "excluded_lines": [], "start_line": 588}, "_resample_by_arclength": {"executed_lines": [629, 630, 631, 632, 633, 635, 636, 637, 638, 639], "summary": {"covered_lines": 10, "num_statements": 11, "percent_covered": 90.9090909090909, "percent_covered_display": "91", "missing_lines": 1, "excluded_lines": 0, "percent_statements_covered": 90.9090909090909, "percent_statements_covered_display": "91"}, "missing_lines": [634], "excluded_lines": [], "start_line": 627}, "_ring_perimeter": {"executed_lines": [643, 644], "summary": {"covered_lines": 2, "num_statements": 2, "percent_covered": 100.0, "percent_covered_display": "100", "missing_lines": 0, "excluded_lines": 0, "percent_statements_covered": 100.0, "percent_statements_covered_display": "100"}, "missing_lines": [], "excluded_lines": [], "start_line": 642}, "_signed_area": {"executed_lines": [649, 650], "summary": {"covered_lines": 2, "num_statements": 2, "percent_covered": 100.0, "percent_covered_display": "100", "missing_lines": 0, "excluded_lines": 0, "percent_statements_covered": 100.0, "percent_statements_covered_display": "100"}, "missing_lines": [], "excluded_lines": [], "start_line": 647}, "": {"executed_lines": [41, 43, 44, 45, 47, 48, 50, 51, 52, 54, 57, 60, 61, 62, 63, 70, 71, 72, 75, 76, 86, 87, 90, 91, 104, 105, 106, 107, 108, 111, 112, 137, 138, 139, 140, 142, 153, 154, 157, 158, 163, 164, 190, 191, 232, 322, 409, 433, 481, 529, 544, 582, 627, 642, 647], "summary": {"covered_lines": 55, "num_statements": 55, "percent_covered": 100.0, "percent_covered_display": "100", "missing_lines": 0, "excluded_lines": 0, "percent_statements_covered": 100.0, "percent_statements_covered_display": "100"}, "missing_lines": [], "excluded_lines": [], "start_line": 1}}, "classes": {"BoundaryType": {"executed_lines": [], "summary": {"covered_lines": 0, "num_statements": 0, "percent_covered": 100.0, "percent_covered_display": "100", "missing_lines": 0, "excluded_lines": 0, "percent_statements_covered": 100.0, "percent_statements_covered_display": "100"}, "missing_lines": [], "excluded_lines": [], "start_line": 57}, "BCSegment": {"executed_lines": [], "summary": {"covered_lines": 0, "num_statements": 0, "percent_covered": 100.0, "percent_covered_display": "100", "missing_lines": 0, "excluded_lines": 0, "percent_statements_covered": 100.0, "percent_statements_covered_display": "100"}, "missing_lines": [], "excluded_lines": [], "start_line": 76}, "PolygonStructure": {"executed_lines": [], "summary": {"covered_lines": 0, "num_statements": 0, "percent_covered": 100.0, "percent_covered_display": "100", "missing_lines": 0, "excluded_lines": 0, "percent_statements_covered": 100.0, "percent_statements_covered_display": "100"}, "missing_lines": [], "excluded_lines": [], "start_line": 91}, "PTS": {"executed_lines": [143, 147, 148, 150, 155, 159, 180, 181, 182, 184, 185, 186, 187, 188, 208, 209, 210, 211, 212, 213, 214, 215, 216, 218, 219, 220, 221, 222, 223, 224, 225, 226], "summary": {"covered_lines": 32, "num_statements": 36, "percent_covered": 88.88888888888889, "percent_covered_display": "89", "missing_lines": 4, "excluded_lines": 0, "percent_statements_covered": 88.88888888888889, "percent_statements_covered_display": "89"}, "missing_lines": [144, 149, 151, 217], "excluded_lines": [], "start_line": 112}, "": {"executed_lines": [41, 43, 44, 45, 47, 48, 50, 51, 52, 54, 57, 60, 61, 62, 63, 70, 71, 72, 75, 76, 86, 87, 90, 91, 104, 105, 106, 107, 108, 111, 112, 137, 138, 139, 140, 142, 153, 154, 157, 158, 163, 164, 190, 191, 232, 267, 268, 270, 271, 275, 276, 283, 284, 285, 286, 287, 291, 292, 293, 295, 299, 306, 315, 316, 317, 319, 322, 377, 378, 379, 380, 381, 385, 386, 389, 390, 393, 394, 397, 398, 399, 402, 403, 404, 406, 409, 422, 423, 425, 426, 433, 453, 454, 455, 456, 457, 459, 460, 462, 463, 464, 465, 466, 467, 469, 470, 472, 473, 475, 481, 503, 504, 505, 506, 507, 509, 510, 511, 512, 513, 514, 515, 516, 517, 518, 520, 521, 522, 523, 529, 533, 534, 535, 538, 539, 540, 541, 544, 548, 549, 550, 552, 553, 554, 555, 556, 557, 559, 560, 562, 563, 564, 565, 568, 569, 575, 576, 577, 578, 579, 582, 586, 588, 589, 591, 592, 593, 594, 596, 597, 598, 599, 600, 601, 602, 603, 604, 605, 606, 607, 608, 609, 610, 611, 612, 613, 614, 615, 616, 617, 618, 619, 620, 621, 622, 623, 624, 627, 629, 630, 631, 632, 633, 635, 636, 637, 638, 639, 642, 643, 644, 647, 649, 650], "summary": {"covered_lines": 214, "num_statements": 225, "percent_covered": 95.11111111111111, "percent_covered_display": "95", "missing_lines": 11, "excluded_lines": 0, "percent_statements_covered": 95.11111111111111, "percent_statements_covered_display": "95"}, "missing_lines": [269, 272, 382, 424, 428, 429, 430, 536, 537, 587, 634], "excluded_lines": [], "start_line": 1}}}, "admesh/boundary_types.py": {"executed_lines": [15, 17, 19, 22, 51, 52, 53, 54, 55], "summary": {"covered_lines": 9, "num_statements": 9, "percent_covered": 100.0, "percent_covered_display": "100", "missing_lines": 0, "excluded_lines": 0, "percent_statements_covered": 100.0, "percent_statements_covered_display": "100"}, "missing_lines": [], "excluded_lines": [], "functions": {"": {"executed_lines": [15, 17, 19, 22, 51, 52, 53, 54, 55], "summary": {"covered_lines": 9, "num_statements": 9, "percent_covered": 100.0, "percent_covered_display": "100", "missing_lines": 0, "excluded_lines": 0, "percent_statements_covered": 100.0, "percent_statements_covered_display": "100"}, "missing_lines": [], "excluded_lines": [], "start_line": 1}}, "classes": {"BoundaryType": {"executed_lines": [], "summary": {"covered_lines": 0, "num_statements": 0, "percent_covered": 100.0, "percent_covered_display": "100", "missing_lines": 0, "excluded_lines": 0, "percent_statements_covered": 100.0, "percent_statements_covered_display": "100"}, "missing_lines": [], "excluded_lines": [], "start_line": 22}, "": {"executed_lines": [15, 17, 19, 22, 51, 52, 53, 54, 55], "summary": {"covered_lines": 9, "num_statements": 9, "percent_covered": 100.0, "percent_covered_display": "100", "missing_lines": 0, "excluded_lines": 0, "percent_statements_covered": 100.0, "percent_statements_covered_display": "100"}, "missing_lines": [], "excluded_lines": [], "start_line": 1}}}, "admesh/curvature.py": {"executed_lines": [32, 34, 36, 37, 39, 41, 42, 44, 45, 48, 64, 65, 66, 67, 69, 70, 71, 73, 74, 75, 76, 77, 80, 91, 92, 93, 96, 133, 134, 135, 136, 137, 142, 143, 144, 147, 150, 153, 157, 158, 159, 160, 161, 162, 169, 172, 175], "summary": {"covered_lines": 47, "num_statements": 47, "percent_covered": 100.0, "percent_covered_display": "100", "missing_lines": 0, "excluded_lines": 0, "percent_statements_covered": 100.0, "percent_statements_covered_display": "100"}, "missing_lines": [], "excluded_lines": [], "functions": {"curvature_grid": {"executed_lines": [64, 65, 66, 67, 69, 70, 71, 73, 74, 75, 76, 77], "summary": {"covered_lines": 12, "num_statements": 12, "percent_covered": 100.0, "percent_covered_display": "100", "missing_lines": 0, "excluded_lines": 0, "percent_statements_covered": 100.0, "percent_statements_covered_display": "100"}, "missing_lines": [], "excluded_lines": [], "start_line": 48}, "curvature_function": {"executed_lines": [91, 92, 93], "summary": {"covered_lines": 3, "num_statements": 3, "percent_covered": 100.0, "percent_covered_display": "100", "missing_lines": 0, "excluded_lines": 0, "percent_statements_covered": 100.0, "percent_statements_covered_display": "100"}, "missing_lines": [], "excluded_lines": [], "start_line": 80}, "apply_curvature": {"executed_lines": [133, 134, 135, 136, 137, 142, 143, 144, 147, 150, 153, 157, 158, 159, 160, 161, 162, 169, 172, 175], "summary": {"covered_lines": 20, "num_statements": 20, "percent_covered": 100.0, "percent_covered_display": "100", "missing_lines": 0, "excluded_lines": 0, "percent_statements_covered": 100.0, "percent_statements_covered_display": "100"}, "missing_lines": [], "excluded_lines": [], "start_line": 96}, "": {"executed_lines": [32, 34, 36, 37, 39, 41, 42, 44, 45, 48, 80, 96], "summary": {"covered_lines": 12, "num_statements": 12, "percent_covered": 100.0, "percent_covered_display": "100", "missing_lines": 0, "excluded_lines": 0, "percent_statements_covered": 100.0, "percent_statements_covered_display": "100"}, "missing_lines": [], "excluded_lines": [], "start_line": 1}}, "classes": {"": {"executed_lines": [32, 34, 36, 37, 39, 41, 42, 44, 45, 48, 64, 65, 66, 67, 69, 70, 71, 73, 74, 75, 76, 77, 80, 91, 92, 93, 96, 133, 134, 135, 136, 137, 142, 143, 144, 147, 150, 153, 157, 158, 159, 160, 161, 162, 169, 172, 175], "summary": {"covered_lines": 47, "num_statements": 47, "percent_covered": 100.0, "percent_covered_display": "100", "missing_lines": 0, "excluded_lines": 0, "percent_statements_covered": 100.0, "percent_statements_covered_display": "100"}, "missing_lines": [], "excluded_lines": [], "start_line": 1}}}, "admesh/distance.py": {"executed_lines": [20, 22, 24, 25, 27, 28, 31, 41, 42, 43, 44, 45, 46, 47, 50, 61, 62, 64, 65, 66, 68, 69, 73, 74, 79, 80, 81, 82, 83, 84, 85, 86, 87, 88, 90], "summary": {"covered_lines": 35, "num_statements": 36, "percent_covered": 97.22222222222223, "percent_covered_display": "97", "missing_lines": 1, "excluded_lines": 0, "percent_statements_covered": 97.22222222222223, "percent_statements_covered_display": "97"}, "missing_lines": [63], "excluded_lines": [], "functions": {"eval_sdf_grid": {"executed_lines": [41, 42, 43, 44, 45, 46, 47], "summary": {"covered_lines": 7, "num_statements": 7, "percent_covered": 100.0, "percent_covered_display": "100", "missing_lines": 0, "excluded_lines": 0, "percent_statements_covered": 100.0, "percent_statements_covered_display": "100"}, "missing_lines": [], "excluded_lines": [], "start_line": 31}, "grad_sdf": {"executed_lines": [61, 62, 64, 65, 66, 68, 69, 73, 74, 79, 80, 81, 82, 83, 84, 85, 86, 87, 88, 90], "summary": {"covered_lines": 20, "num_statements": 21, "percent_covered": 95.23809523809524, "percent_covered_display": "95", "missing_lines": 1, "excluded_lines": 0, "percent_statements_covered": 95.23809523809524, "percent_statements_covered_display": "95"}, "missing_lines": [63], "excluded_lines": [], "start_line": 50}, "": {"executed_lines": [20, 22, 24, 25, 27, 28, 31, 50], "summary": {"covered_lines": 8, "num_statements": 8, "percent_covered": 100.0, "percent_covered_display": "100", "missing_lines": 0, "excluded_lines": 0, "percent_statements_covered": 100.0, "percent_statements_covered_display": "100"}, "missing_lines": [], "excluded_lines": [], "start_line": 1}}, "classes": {"": {"executed_lines": [20, 22, 24, 25, 27, 28, 31, 41, 42, 43, 44, 45, 46, 47, 50, 61, 62, 64, 65, 66, 68, 69, 73, 74, 79, 80, 81, 82, 83, 84, 85, 86, 87, 88, 90], "summary": {"covered_lines": 35, "num_statements": 36, "percent_covered": 97.22222222222223, "percent_covered_display": "97", "missing_lines": 1, "excluded_lines": 0, "percent_statements_covered": 97.22222222222223, "percent_statements_covered_display": "97"}, "missing_lines": [63], "excluded_lines": [], "start_line": 1}}}, "admesh/distmesh.py": {"executed_lines": [21, 23, 24, 26, 27, 28, 30, 31, 32, 35, 37, 38, 39, 40, 42, 43, 46, 50, 51, 52, 53, 54, 57, 118, 119, 120, 121, 122, 124, 126, 127, 130, 131, 133, 135, 138, 139, 140, 142, 143, 146, 147, 148, 152, 154, 155, 157, 158, 160, 162, 163, 164, 165, 166, 167, 168, 169, 170, 174, 178, 179, 180, 181, 182, 183, 184, 186, 187, 188, 191, 192, 194, 197, 198, 199, 200, 201, 202, 203, 204, 205, 206, 207, 208, 209, 212, 213, 214, 218, 219, 220, 228, 229, 230, 232, 240, 241, 242, 243, 244, 245, 253, 255, 256, 257, 258, 259, 266, 267, 268, 271, 272, 274, 276, 277, 278, 280, 281, 282, 284, 285, 287, 288, 289, 292, 293, 294, 295, 296, 297, 299, 308, 311, 312, 327, 328, 329, 330, 333, 354, 355, 356, 357, 358, 361, 365, 369, 370, 371, 372, 375, 376, 377, 382, 383, 384, 385, 386, 387, 388, 389, 390, 391, 392, 394, 396, 397, 398, 400, 401, 402, 403, 404, 405, 407, 408, 409, 412, 431, 437, 438, 439, 442, 446, 447, 448, 449, 450, 451, 452, 453, 454, 458, 459, 460, 461, 462, 464, 465, 466, 469, 470, 475, 476, 478, 479, 480, 483, 496, 497, 499, 501, 502, 503, 504, 505, 506, 507, 508, 509, 510, 511, 512, 513, 514, 516, 518, 519, 520, 521, 522, 523, 524, 525, 526, 528, 530, 531, 532, 535, 546, 547, 548, 549, 550, 551, 552, 553, 554, 555, 556, 557, 560, 570, 571, 572, 573, 574, 575, 576, 577, 578, 581, 587, 589, 590, 591, 592, 593, 594, 595, 596, 597, 600, 642, 645, 646, 647, 648, 649, 650, 651, 652, 653, 655, 656, 657, 658, 659, 662, 663, 673, 676, 677, 678, 686, 688, 689, 690, 691, 692, 693, 694, 696, 697, 699, 700, 701, 702, 703, 704, 705, 706, 710, 715, 716, 717, 718, 721, 722, 723, 741, 742, 743, 744, 745, 746, 747, 749, 750, 751, 753, 754, 755, 756, 758, 762, 763, 766, 767, 768, 769, 770, 771, 772, 776, 780, 781, 782, 784, 785, 788, 795, 796, 798, 799, 801, 802, 803, 804, 805, 806, 807, 808, 810, 811, 812, 813, 814, 815, 816, 817, 819, 821], "summary": {"covered_lines": 374, "num_statements": 405, "percent_covered": 92.34567901234568, "percent_covered_display": "92", "missing_lines": 31, "excluded_lines": 0, "percent_statements_covered": 92.34567901234568, "percent_statements_covered_display": "92"}, "missing_lines": [150, 175, 216, 269, 273, 366, 378, 432, 471, 472, 517, 529, 588, 674, 680, 681, 684, 685, 711, 712, 724, 726, 727, 728, 729, 730, 731, 732, 733, 757, 777], "excluded_lines": [], "functions": {"_initial_distribution": {"executed_lines": [37, 38, 39, 40, 42, 43], "summary": {"covered_lines": 6, "num_statements": 6, "percent_covered": 100.0, "percent_covered_display": "100", "missing_lines": 0, "excluded_lines": 0, "percent_statements_covered": 100.0, "percent_statements_covered_display": "100"}, "missing_lines": [], "excluded_lines": [], "start_line": 35}, "_rejection_method": {"executed_lines": [50, 51, 52, 53, 54], "summary": {"covered_lines": 5, "num_statements": 5, "percent_covered": 100.0, "percent_covered_display": "100", "missing_lines": 0, "excluded_lines": 0, "percent_statements_covered": 100.0, "percent_statements_covered_display": "100"}, "missing_lines": [], "excluded_lines": [], "start_line": 46}, "distmesh2d": {"executed_lines": [118, 119, 120, 121, 122, 124, 126, 127, 130, 131, 133, 135, 138, 139, 140, 142, 143, 146, 147, 148, 152, 154, 155, 157, 158, 160, 162, 163, 164, 165, 166, 167, 168, 169, 170, 174, 178, 179, 180, 181, 182, 183, 184, 186, 187, 188, 191, 192, 194, 197, 198, 199, 200, 201, 202, 203, 204, 205, 206, 207, 208, 209, 212, 213, 214, 218, 219, 220, 228, 229, 230, 232, 240, 241, 242, 243, 244, 245, 253, 255, 256, 257, 258], "summary": {"covered_lines": 83, "num_statements": 86, "percent_covered": 96.51162790697674, "percent_covered_display": "97", "missing_lines": 3, "excluded_lines": 0, "percent_statements_covered": 96.51162790697674, "percent_statements_covered_display": "97"}, "missing_lines": [150, 175, 216], "excluded_lines": [], "start_line": 57}, "fixmesh": {"executed_lines": [266, 267, 268, 271, 272, 274, 276, 277, 278, 280, 281, 282, 284, 285, 287, 288, 289, 292, 293, 294, 295, 296, 297, 299], "summary": {"covered_lines": 24, "num_statements": 26, "percent_covered": 92.3076923076923, "percent_covered_display": "92", "missing_lines": 2, "excluded_lines": 0, "percent_statements_covered": 92.3076923076923, "percent_statements_covered_display": "92"}, "missing_lines": [269, 273], "excluded_lines": [], "start_line": 259}, "_boundary_cleanup": {"executed_lines": [354, 355, 356, 357, 358], "summary": {"covered_lines": 5, "num_statements": 5, "percent_covered": 100.0, "percent_covered_display": "100", "missing_lines": 0, "excluded_lines": 0, "percent_statements_covered": 100.0, "percent_statements_covered_display": "100"}, "missing_lines": [], "excluded_lines": [], "start_line": 333}, "_boundary_cleanup_one_pass": {"executed_lines": [365, 369, 370, 371, 372, 375, 376, 377, 382, 383, 384, 385, 386, 387, 388, 389, 390, 391, 392, 394, 396, 397, 398, 400, 401, 402, 403, 404, 405, 407, 408, 409], "summary": {"covered_lines": 32, "num_statements": 34, "percent_covered": 94.11764705882354, "percent_covered_display": "94", "missing_lines": 2, "excluded_lines": 0, "percent_statements_covered": 94.11764705882354, "percent_statements_covered_display": "94"}, "missing_lines": [366, 378], "excluded_lines": [], "start_line": 361}, "_boundary_density_control": {"executed_lines": [431, 437, 438, 439, 442, 446, 447, 448, 449, 450, 451, 452, 453, 454, 458, 459, 460, 461, 462, 464, 465, 466, 469, 470, 475, 476, 478, 479, 480], "summary": {"covered_lines": 29, "num_statements": 32, "percent_covered": 90.625, "percent_covered_display": "91", "missing_lines": 3, "excluded_lines": 0, "percent_statements_covered": 90.625, "percent_statements_covered_display": "91"}, "missing_lines": [432, 471, 472], "excluded_lines": [], "start_line": 412}, "_constraint_density_control": {"executed_lines": [496, 497, 499, 501, 502, 503, 504, 505, 506, 507, 508, 509, 510, 511, 512, 513, 514, 516, 518, 519, 520, 521, 522, 523, 524, 525, 526, 528, 530, 531, 532], "summary": {"covered_lines": 31, "num_statements": 33, "percent_covered": 93.93939393939394, "percent_covered_display": "94", "missing_lines": 2, "excluded_lines": 0, "percent_statements_covered": 93.93939393939394, "percent_statements_covered_display": "94"}, "missing_lines": [517, 529], "excluded_lines": [], "start_line": 483}, "_project_back_to_boundary": {"executed_lines": [546, 547, 548, 549, 550, 551, 552, 553, 554, 555, 556, 557], "summary": {"covered_lines": 12, "num_statements": 12, "percent_covered": 100.0, "percent_covered_display": "100", "missing_lines": 0, "excluded_lines": 0, "percent_statements_covered": 100.0, "percent_statements_covered_display": "100"}, "missing_lines": [], "excluded_lines": [], "start_line": 535}, "_initial_point_list_from_pts": {"executed_lines": [570, 571, 572, 573, 574, 575, 576, 577, 578], "summary": {"covered_lines": 9, "num_statements": 9, "percent_covered": 100.0, "percent_covered_display": "100", "missing_lines": 0, "excluded_lines": 0, "percent_statements_covered": 100.0, "percent_statements_covered_display": "100"}, "missing_lines": [], "excluded_lines": [], "start_line": 560}, "_element_quality_mean": {"executed_lines": [587, 589, 590, 591, 592, 593, 594, 595, 596, 597], "summary": {"covered_lines": 10, "num_statements": 11, "percent_covered": 90.9090909090909, "percent_covered_display": "91", "missing_lines": 1, "excluded_lines": 0, "percent_statements_covered": 90.9090909090909, "percent_statements_covered_display": "91"}, "missing_lines": [588], "excluded_lines": [], "start_line": 581}, "distmesh2d_admesh": {"executed_lines": [642, 645, 646, 647, 648, 649, 650, 651, 652, 653, 655, 656, 657, 658, 659, 662, 663, 673, 676, 677, 678, 686, 688, 689, 690, 691, 692, 693, 694, 696, 697, 699, 700, 701, 702, 703, 704, 705, 706, 710, 715, 716, 717, 718, 721, 722, 723, 741, 742, 743, 744, 745, 746, 747, 749, 750, 751, 753, 754, 755, 756, 758, 762, 763, 766, 767, 768, 769, 770, 771, 772, 776, 780, 781, 782, 784, 785], "summary": {"covered_lines": 77, "num_statements": 95, "percent_covered": 81.05263157894737, "percent_covered_display": "81", "missing_lines": 18, "excluded_lines": 0, "percent_statements_covered": 81.05263157894737, "percent_statements_covered_display": "81"}, "missing_lines": [674, 680, 681, 684, 685, 711, 712, 724, 726, 727, 728, 729, 730, 731, 732, 733, 757, 777], "excluded_lines": [], "start_line": 600}, "_polygon_sdf_from_pts": {"executed_lines": [795, 796, 798, 799, 801, 821], "summary": {"covered_lines": 6, "num_statements": 6, "percent_covered": 100.0, "percent_covered_display": "100", "missing_lines": 0, "excluded_lines": 0, "percent_statements_covered": 100.0, "percent_statements_covered_display": "100"}, "missing_lines": [], "excluded_lines": [], "start_line": 788}, "_polygon_sdf_from_pts.fd": {"executed_lines": [802, 803, 804, 805, 806, 807, 808, 810, 811, 812, 813, 814, 815, 816, 817, 819], "summary": {"covered_lines": 16, "num_statements": 16, "percent_covered": 100.0, "percent_covered_display": "100", "missing_lines": 0, "excluded_lines": 0, "percent_statements_covered": 100.0, "percent_statements_covered_display": "100"}, "missing_lines": [], "excluded_lines": [], "start_line": 801}, "": {"executed_lines": [21, 23, 24, 26, 27, 28, 30, 31, 32, 35, 46, 57, 259, 308, 311, 312, 327, 328, 329, 330, 333, 361, 412, 483, 535, 560, 581, 600, 788], "summary": {"covered_lines": 29, "num_statements": 29, "percent_covered": 100.0, "percent_covered_display": "100", "missing_lines": 0, "excluded_lines": 0, "percent_statements_covered": 100.0, "percent_statements_covered_display": "100"}, "missing_lines": [], "excluded_lines": [], "start_line": 1}}, "classes": {"MeshOutput": {"executed_lines": [], "summary": {"covered_lines": 0, "num_statements": 0, "percent_covered": 100.0, "percent_covered_display": "100", "missing_lines": 0, "excluded_lines": 0, "percent_statements_covered": 100.0, "percent_statements_covered_display": "100"}, "missing_lines": [], "excluded_lines": [], "start_line": 312}, "": {"executed_lines": [21, 23, 24, 26, 27, 28, 30, 31, 32, 35, 37, 38, 39, 40, 42, 43, 46, 50, 51, 52, 53, 54, 57, 118, 119, 120, 121, 122, 124, 126, 127, 130, 131, 133, 135, 138, 139, 140, 142, 143, 146, 147, 148, 152, 154, 155, 157, 158, 160, 162, 163, 164, 165, 166, 167, 168, 169, 170, 174, 178, 179, 180, 181, 182, 183, 184, 186, 187, 188, 191, 192, 194, 197, 198, 199, 200, 201, 202, 203, 204, 205, 206, 207, 208, 209, 212, 213, 214, 218, 219, 220, 228, 229, 230, 232, 240, 241, 242, 243, 244, 245, 253, 255, 256, 257, 258, 259, 266, 267, 268, 271, 272, 274, 276, 277, 278, 280, 281, 282, 284, 285, 287, 288, 289, 292, 293, 294, 295, 296, 297, 299, 308, 311, 312, 327, 328, 329, 330, 333, 354, 355, 356, 357, 358, 361, 365, 369, 370, 371, 372, 375, 376, 377, 382, 383, 384, 385, 386, 387, 388, 389, 390, 391, 392, 394, 396, 397, 398, 400, 401, 402, 403, 404, 405, 407, 408, 409, 412, 431, 437, 438, 439, 442, 446, 447, 448, 449, 450, 451, 452, 453, 454, 458, 459, 460, 461, 462, 464, 465, 466, 469, 470, 475, 476, 478, 479, 480, 483, 496, 497, 499, 501, 502, 503, 504, 505, 506, 507, 508, 509, 510, 511, 512, 513, 514, 516, 518, 519, 520, 521, 522, 523, 524, 525, 526, 528, 530, 531, 532, 535, 546, 547, 548, 549, 550, 551, 552, 553, 554, 555, 556, 557, 560, 570, 571, 572, 573, 574, 575, 576, 577, 578, 581, 587, 589, 590, 591, 592, 593, 594, 595, 596, 597, 600, 642, 645, 646, 647, 648, 649, 650, 651, 652, 653, 655, 656, 657, 658, 659, 662, 663, 673, 676, 677, 678, 686, 688, 689, 690, 691, 692, 693, 694, 696, 697, 699, 700, 701, 702, 703, 704, 705, 706, 710, 715, 716, 717, 718, 721, 722, 723, 741, 742, 743, 744, 745, 746, 747, 749, 750, 751, 753, 754, 755, 756, 758, 762, 763, 766, 767, 768, 769, 770, 771, 772, 776, 780, 781, 782, 784, 785, 788, 795, 796, 798, 799, 801, 802, 803, 804, 805, 806, 807, 808, 810, 811, 812, 813, 814, 815, 816, 817, 819, 821], "summary": {"covered_lines": 374, "num_statements": 405, "percent_covered": 92.34567901234568, "percent_covered_display": "92", "missing_lines": 31, "excluded_lines": 0, "percent_statements_covered": 92.34567901234568, "percent_statements_covered_display": "92"}, "missing_lines": [150, 175, 216, 269, 273, 366, 378, 432, 471, 472, 517, 529, 588, 674, 680, 681, 684, 685, 711, 712, 724, 726, 727, 728, 729, 730, 731, 732, 733, 757, 777], "excluded_lines": [], "start_line": 1}}}, "admesh/domains.py": {"executed_lines": [18, 20, 21, 23, 24, 26, 27, 30, 31, 34, 35, 36, 37, 38, 41, 42, 43, 45, 46, 47, 48, 49, 52, 53, 56, 57, 60, 61, 62, 65, 67, 69, 70, 73, 82, 83, 84, 85, 86, 89, 98, 107, 113, 119, 140], "summary": {"covered_lines": 45, "num_statements": 45, "percent_covered": 100.0, "percent_covered_display": "100", "missing_lines": 0, "excluded_lines": 0, "percent_statements_covered": 100.0, "percent_statements_covered_display": "100"}, "missing_lines": [], "excluded_lines": [], "functions": {"Domain.__call__": {"executed_lines": [46, 47, 48, 49], "summary": {"covered_lines": 4, "num_statements": 4, "percent_covered": 100.0, "percent_covered_display": "100", "missing_lines": 0, "excluded_lines": 0, "percent_statements_covered": 100.0, "percent_statements_covered_display": "100"}, "missing_lines": [], "excluded_lines": [], "start_line": 45}, "_sdf_unit_square": {"executed_lines": [53], "summary": {"covered_lines": 1, "num_statements": 1, "percent_covered": 100.0, "percent_covered_display": "100", "missing_lines": 0, "excluded_lines": 0, "percent_statements_covered": 100.0, "percent_statements_covered_display": "100"}, "missing_lines": [], "excluded_lines": [], "start_line": 52}, "_sdf_unit_disk": {"executed_lines": [57], "summary": {"covered_lines": 1, "num_statements": 1, "percent_covered": 100.0, "percent_covered_display": "100", "missing_lines": 0, "excluded_lines": 0, "percent_statements_covered": 100.0, "percent_statements_covered_display": "100"}, "missing_lines": [], "excluded_lines": [], "start_line": 56}, "_sdf_annulus": {"executed_lines": [61, 62], "summary": {"covered_lines": 2, "num_statements": 2, "percent_covered": 100.0, "percent_covered_display": "100", "missing_lines": 0, "excluded_lines": 0, "percent_statements_covered": 100.0, "percent_statements_covered_display": "100"}, "missing_lines": [], "excluded_lines": [], "start_line": 60}, "_sdf_l_shape": {"executed_lines": [67, 69, 70], "summary": {"covered_lines": 3, "num_statements": 3, "percent_covered": 100.0, "percent_covered_display": "100", "missing_lines": 0, "excluded_lines": 0, "percent_statements_covered": 100.0, "percent_statements_covered_display": "100"}, "missing_lines": [], "excluded_lines": [], "start_line": 65}, "_sdf_notched_rectangle": {"executed_lines": [82, 83, 84, 85, 86], "summary": {"covered_lines": 5, "num_statements": 5, "percent_covered": 100.0, "percent_covered_display": "100", "missing_lines": 0, "excluded_lines": 0, "percent_statements_covered": 100.0, "percent_statements_covered_display": "100"}, "missing_lines": [], "excluded_lines": [], "start_line": 73}, "": {"executed_lines": [18, 20, 21, 23, 24, 26, 27, 30, 31, 34, 35, 36, 37, 38, 41, 42, 43, 45, 52, 56, 60, 65, 73, 89, 98, 107, 113, 119, 140], "summary": {"covered_lines": 29, "num_statements": 29, "percent_covered": 100.0, "percent_covered_display": "100", "missing_lines": 0, "excluded_lines": 0, "percent_statements_covered": 100.0, "percent_statements_covered_display": "100"}, "missing_lines": [], "excluded_lines": [], "start_line": 1}}, "classes": {"Domain": {"executed_lines": [46, 47, 48, 49], "summary": {"covered_lines": 4, "num_statements": 4, "percent_covered": 100.0, "percent_covered_display": "100", "missing_lines": 0, "excluded_lines": 0, "percent_statements_covered": 100.0, "percent_statements_covered_display": "100"}, "missing_lines": [], "excluded_lines": [], "start_line": 31}, "": {"executed_lines": [18, 20, 21, 23, 24, 26, 27, 30, 31, 34, 35, 36, 37, 38, 41, 42, 43, 45, 52, 53, 56, 57, 60, 61, 62, 65, 67, 69, 70, 73, 82, 83, 84, 85, 86, 89, 98, 107, 113, 119, 140], "summary": {"covered_lines": 41, "num_statements": 41, "percent_covered": 100.0, "percent_covered_display": "100", "missing_lines": 0, "excluded_lines": 0, "percent_statements_covered": 100.0, "percent_statements_covered_display": "100"}, "missing_lines": [], "excluded_lines": [], "start_line": 1}}}, "admesh/dominate_tide.py": {"executed_lines": [18, 20, 21, 24, 27, 65, 66, 67, 68, 69, 70, 73, 77, 80, 83], "summary": {"covered_lines": 15, "num_statements": 15, "percent_covered": 100.0, "percent_covered_display": "100", "missing_lines": 0, "excluded_lines": 0, "percent_statements_covered": 100.0, "percent_statements_covered_display": "100"}, "missing_lines": [], "excluded_lines": [], "functions": {"apply_tide": {"executed_lines": [65, 66, 67, 68, 69, 70, 73, 77, 80, 83], "summary": {"covered_lines": 10, "num_statements": 10, "percent_covered": 100.0, "percent_covered_display": "100", "missing_lines": 0, "excluded_lines": 0, "percent_statements_covered": 100.0, "percent_statements_covered_display": "100"}, "missing_lines": [], "excluded_lines": [], "start_line": 27}, "": {"executed_lines": [18, 20, 21, 24, 27], "summary": {"covered_lines": 5, "num_statements": 5, "percent_covered": 100.0, "percent_covered_display": "100", "missing_lines": 0, "excluded_lines": 0, "percent_statements_covered": 100.0, "percent_statements_covered_display": "100"}, "missing_lines": [], "excluded_lines": [], "start_line": 1}}, "classes": {"": {"executed_lines": [18, 20, 21, 24, 27, 65, 66, 67, 68, 69, 70, 73, 77, 80, 83], "summary": {"covered_lines": 15, "num_statements": 15, "percent_covered": 100.0, "percent_covered_display": "100", "missing_lines": 0, "excluded_lines": 0, "percent_statements_covered": 100.0, "percent_statements_covered_display": "100"}, "missing_lines": [], "excluded_lines": [], "start_line": 1}}}, "admesh/fort14.py": {"executed_lines": [18, 20, 21, 23, 25, 26, 31, 39, 52, 53, 54, 55, 56, 67, 70, 72, 74, 75, 76, 78, 79, 80, 81, 82, 83, 85, 86, 89, 90, 91, 92, 93, 96, 97, 98, 99, 100, 103, 107, 108, 109, 111, 112, 113, 116, 129, 130, 131, 132, 134, 135, 137, 138, 139, 140, 145, 146, 147, 148, 149, 150, 154, 155, 156, 159, 160, 162, 165, 166, 167, 168, 169, 173, 174, 178, 181, 182, 185, 186, 189, 190, 193, 196, 197, 203, 205, 206, 207, 208, 209, 213, 219, 220, 221, 222, 223, 224, 225, 226, 227, 230, 232, 235, 239, 240, 249, 250, 255, 257, 258, 259, 260, 264, 267, 268, 269, 270, 273, 275, 278, 282, 283, 294, 296, 305, 306, 309, 311, 312, 313, 314, 322, 333, 336, 337, 338, 344, 346, 347, 348, 350, 351, 353, 354, 355, 356, 357, 366, 367, 368, 372, 373, 374, 375, 376, 377, 378, 379, 381, 382, 383, 384, 385, 386, 387, 388, 390, 391], "summary": {"covered_lines": 168, "num_statements": 180, "percent_covered": 93.33333333333333, "percent_covered_display": "93", "missing_lines": 12, "excluded_lines": 2, "percent_statements_covered": 93.33333333333333, "percent_statements_covered_display": "93"}, "missing_lines": [110, 136, 151, 170, 175, 210, 231, 236, 261, 274, 279, 334], "excluded_lines": [28, 29], "functions": {"Fort14ParseError.__init__": {"executed_lines": [53, 54, 55, 56], "summary": {"covered_lines": 4, "num_statements": 4, "percent_covered": 100.0, "percent_covered_display": "100", "missing_lines": 0, "excluded_lines": 0, "percent_statements_covered": 100.0, "percent_statements_covered_display": "100"}, "missing_lines": [], "excluded_lines": [], "start_line": 52}, "_Cursor.__init__": {"executed_lines": [74, 75, 76], "summary": {"covered_lines": 3, "num_statements": 3, "percent_covered": 100.0, "percent_covered_display": "100", "missing_lines": 0, "excluded_lines": 0, "percent_statements_covered": 100.0, "percent_statements_covered_display": "100"}, "missing_lines": [], "excluded_lines": [], "start_line": 72}, "_Cursor.next_line": {"executed_lines": [79, 80, 81, 82, 83], "summary": {"covered_lines": 5, "num_statements": 5, "percent_covered": 100.0, "percent_covered_display": "100", "missing_lines": 0, "excluded_lines": 0, "percent_statements_covered": 100.0, "percent_statements_covered_display": "100"}, "missing_lines": [], "excluded_lines": [], "start_line": 78}, "_Cursor.fail": {"executed_lines": [86], "summary": {"covered_lines": 1, "num_statements": 1, "percent_covered": 100.0, "percent_covered_display": "100", "missing_lines": 0, "excluded_lines": 0, "percent_statements_covered": 100.0, "percent_statements_covered_display": "100"}, "missing_lines": [], "excluded_lines": [], "start_line": 85}, "_parse_int": {"executed_lines": [90, 91, 92, 93], "summary": {"covered_lines": 4, "num_statements": 4, "percent_covered": 100.0, "percent_covered_display": "100", "missing_lines": 0, "excluded_lines": 0, "percent_statements_covered": 100.0, "percent_statements_covered_display": "100"}, "missing_lines": [], "excluded_lines": [], "start_line": 89}, "_parse_float": {"executed_lines": [97, 98, 99, 100], "summary": {"covered_lines": 4, "num_statements": 4, "percent_covered": 100.0, "percent_covered_display": "100", "missing_lines": 0, "excluded_lines": 0, "percent_statements_covered": 100.0, "percent_statements_covered_display": "100"}, "missing_lines": [], "excluded_lines": [], "start_line": 96}, "_open_text": {"executed_lines": [107, 108, 109, 111, 112, 113], "summary": {"covered_lines": 6, "num_statements": 7, "percent_covered": 85.71428571428571, "percent_covered_display": "86", "missing_lines": 1, "excluded_lines": 0, "percent_statements_covered": 85.71428571428571, "percent_statements_covered_display": "86"}, "missing_lines": [110], "excluded_lines": [], "start_line": 103}, "read_fort14": {"executed_lines": [129, 130, 131, 132, 134, 135, 137, 138, 139, 140, 145, 146, 147, 148, 149, 150, 154, 155, 156, 159, 160, 162, 165, 166, 167, 168, 169, 173, 174, 178, 181, 182, 185, 186, 189, 190, 193, 196, 197, 203, 205, 206, 207, 208, 209, 213, 219, 220, 221, 222, 223, 224, 225, 226, 227, 230, 232, 235, 239, 240, 249, 250, 255, 257, 258, 259, 260, 264, 267, 268, 269, 270, 273, 275, 278, 282, 283, 294, 296, 305, 306], "summary": {"covered_lines": 81, "num_statements": 91, "percent_covered": 89.01098901098901, "percent_covered_display": "89", "missing_lines": 10, "excluded_lines": 0, "percent_statements_covered": 89.01098901098901, "percent_statements_covered_display": "89"}, "missing_lines": [136, 151, 170, 175, 210, 231, 236, 261, 274, 279], "excluded_lines": [], "start_line": 116}, "_coerce_bc": {"executed_lines": [311, 312, 313, 314], "summary": {"covered_lines": 4, "num_statements": 4, "percent_covered": 100.0, "percent_covered_display": "100", "missing_lines": 0, "excluded_lines": 0, "percent_statements_covered": 100.0, "percent_statements_covered_display": "100"}, "missing_lines": [], "excluded_lines": [], "start_line": 309}, "write_fort14": {"executed_lines": [333, 336, 337, 338, 344, 346, 347, 348, 350, 351, 353, 354, 355, 356, 357, 366, 367, 368, 372, 373, 374, 375, 376, 377, 378, 379, 381, 382, 383, 384, 385, 386, 387, 388, 390, 391], "summary": {"covered_lines": 36, "num_statements": 37, "percent_covered": 97.29729729729729, "percent_covered_display": "97", "missing_lines": 1, "excluded_lines": 0, "percent_statements_covered": 97.29729729729729, "percent_statements_covered_display": "97"}, "missing_lines": [334], "excluded_lines": [], "start_line": 322}, "": {"executed_lines": [18, 20, 21, 23, 25, 26, 31, 39, 52, 67, 70, 72, 78, 85, 89, 96, 103, 116, 309, 322], "summary": {"covered_lines": 20, "num_statements": 20, "percent_covered": 100.0, "percent_covered_display": "100", "missing_lines": 0, "excluded_lines": 2, "percent_statements_covered": 100.0, "percent_statements_covered_display": "100"}, "missing_lines": [], "excluded_lines": [28, 29], "start_line": 1}}, "classes": {"Fort14ParseError": {"executed_lines": [53, 54, 55, 56], "summary": {"covered_lines": 4, "num_statements": 4, "percent_covered": 100.0, "percent_covered_display": "100", "missing_lines": 0, "excluded_lines": 0, "percent_statements_covered": 100.0, "percent_statements_covered_display": "100"}, "missing_lines": [], "excluded_lines": [], "start_line": 39}, "_Cursor": {"executed_lines": [74, 75, 76, 79, 80, 81, 82, 83, 86], "summary": {"covered_lines": 9, "num_statements": 9, "percent_covered": 100.0, "percent_covered_display": "100", "missing_lines": 0, "excluded_lines": 0, "percent_statements_covered": 100.0, "percent_statements_covered_display": "100"}, "missing_lines": [], "excluded_lines": [], "start_line": 67}, "": {"executed_lines": [18, 20, 21, 23, 25, 26, 31, 39, 52, 67, 70, 72, 78, 85, 89, 90, 91, 92, 93, 96, 97, 98, 99, 100, 103, 107, 108, 109, 111, 112, 113, 116, 129, 130, 131, 132, 134, 135, 137, 138, 139, 140, 145, 146, 147, 148, 149, 150, 154, 155, 156, 159, 160, 162, 165, 166, 167, 168, 169, 173, 174, 178, 181, 182, 185, 186, 189, 190, 193, 196, 197, 203, 205, 206, 207, 208, 209, 213, 219, 220, 221, 222, 223, 224, 225, 226, 227, 230, 232, 235, 239, 240, 249, 250, 255, 257, 258, 259, 260, 264, 267, 268, 269, 270, 273, 275, 278, 282, 283, 294, 296, 305, 306, 309, 311, 312, 313, 314, 322, 333, 336, 337, 338, 344, 346, 347, 348, 350, 351, 353, 354, 355, 356, 357, 366, 367, 368, 372, 373, 374, 375, 376, 377, 378, 379, 381, 382, 383, 384, 385, 386, 387, 388, 390, 391], "summary": {"covered_lines": 155, "num_statements": 167, "percent_covered": 92.81437125748504, "percent_covered_display": "93", "missing_lines": 12, "excluded_lines": 2, "percent_statements_covered": 92.81437125748504, "percent_statements_covered_display": "93"}, "missing_lines": [110, 136, 151, 170, 175, 210, 231, 236, 261, 274, 279, 334], "excluded_lines": [28, 29], "start_line": 1}}}, "admesh/in_polygon.py": {"executed_lines": [15, 17, 18, 21, 49, 50, 51, 52, 54, 56, 58, 61, 62, 63, 65, 66, 67, 69, 70, 71, 72, 74, 75, 78, 79, 80, 81, 82, 87, 88, 89, 90, 91, 95, 96, 97, 98, 100, 101, 102, 103, 104, 106, 107], "summary": {"covered_lines": 44, "num_statements": 47, "percent_covered": 93.61702127659575, "percent_covered_display": "94", "missing_lines": 3, "excluded_lines": 0, "percent_statements_covered": 93.61702127659575, "percent_statements_covered_display": "94"}, "missing_lines": [55, 57, 59], "excluded_lines": [], "functions": {"in_polygon": {"executed_lines": [49, 50, 51, 52, 54, 56, 58, 61, 62, 63, 65, 66, 67, 69, 70, 71, 72, 74, 75, 78, 79, 80, 81, 82, 87, 88, 89, 90, 91, 95, 96, 97, 98, 100, 101, 102, 103, 104, 106, 107], "summary": {"covered_lines": 40, "num_statements": 43, "percent_covered": 93.02325581395348, "percent_covered_display": "93", "missing_lines": 3, "excluded_lines": 0, "percent_statements_covered": 93.02325581395348, "percent_statements_covered_display": "93"}, "missing_lines": [55, 57, 59], "excluded_lines": [], "start_line": 21}, "": {"executed_lines": [15, 17, 18, 21], "summary": {"covered_lines": 4, "num_statements": 4, "percent_covered": 100.0, "percent_covered_display": "100", "missing_lines": 0, "excluded_lines": 0, "percent_statements_covered": 100.0, "percent_statements_covered_display": "100"}, "missing_lines": [], "excluded_lines": [], "start_line": 1}}, "classes": {"": {"executed_lines": [15, 17, 18, 21, 49, 50, 51, 52, 54, 56, 58, 61, 62, 63, 65, 66, 67, 69, 70, 71, 72, 74, 75, 78, 79, 80, 81, 82, 87, 88, 89, 90, 91, 95, 96, 97, 98, 100, 101, 102, 103, 104, 106, 107], "summary": {"covered_lines": 44, "num_statements": 47, "percent_covered": 93.61702127659575, "percent_covered_display": "94", "missing_lines": 3, "excluded_lines": 0, "percent_statements_covered": 93.61702127659575, "percent_statements_covered_display": "94"}, "missing_lines": [55, 57, 59], "excluded_lines": [], "start_line": 1}}}, "admesh/inpaint.py": {"executed_lines": [26, 28, 29, 30, 31, 34, 54, 55, 56, 57, 58, 62, 65, 75, 76, 79, 80, 81, 82, 83, 85, 86, 90, 91, 92, 95, 109, 110, 111, 116, 117, 118, 119, 120, 121, 122, 123, 124, 129, 130, 131, 132, 133, 134, 135, 136, 137, 140, 143, 145, 146, 149, 150, 151, 152, 154, 155, 158, 161, 174, 176, 178, 180, 182, 188, 190, 191, 193, 195, 196, 197], "summary": {"covered_lines": 71, "num_statements": 80, "percent_covered": 88.75, "percent_covered_display": "89", "missing_lines": 9, "excluded_lines": 0, "percent_statements_covered": 88.75, "percent_statements_covered_display": "89"}, "missing_lines": [96, 99, 100, 102, 103, 104, 105, 126, 175], "excluded_lines": [], "functions": {"inpaint_nans": {"executed_lines": [54, 55, 56, 57, 58, 62], "summary": {"covered_lines": 6, "num_statements": 6, "percent_covered": 100.0, "percent_covered_display": "100", "missing_lines": 0, "excluded_lines": 0, "percent_statements_covered": 100.0, "percent_statements_covered_display": "100"}, "missing_lines": [], "excluded_lines": [], "start_line": 34}, "_inpaint_nans_method_0": {"executed_lines": [75, 76, 79, 80, 81, 82, 83, 85, 86, 90, 91, 92, 95, 109, 110, 111, 116, 117, 118, 119, 120, 121, 122, 123, 124, 129, 130, 131, 132, 133, 134, 135, 136, 137, 140, 143, 145, 146, 149, 150, 151, 152, 154, 155, 158], "summary": {"covered_lines": 45, "num_statements": 53, "percent_covered": 84.90566037735849, "percent_covered_display": "85", "missing_lines": 8, "excluded_lines": 0, "percent_statements_covered": 84.90566037735849, "percent_statements_covered_display": "85"}, "missing_lines": [96, 99, 100, 102, 103, 104, 105, 126], "excluded_lines": [], "start_line": 65}, "_identify_neighbors": {"executed_lines": [174, 176, 178, 180, 182, 188, 190, 191, 193, 195, 196, 197], "summary": {"covered_lines": 12, "num_statements": 13, "percent_covered": 92.3076923076923, "percent_covered_display": "92", "missing_lines": 1, "excluded_lines": 0, "percent_statements_covered": 92.3076923076923, "percent_statements_covered_display": "92"}, "missing_lines": [175], "excluded_lines": [], "start_line": 161}, "": {"executed_lines": [26, 28, 29, 30, 31, 34, 65, 161], "summary": {"covered_lines": 8, "num_statements": 8, "percent_covered": 100.0, "percent_covered_display": "100", "missing_lines": 0, "excluded_lines": 0, "percent_statements_covered": 100.0, "percent_statements_covered_display": "100"}, "missing_lines": [], "excluded_lines": [], "start_line": 1}}, "classes": {"": {"executed_lines": [26, 28, 29, 30, 31, 34, 54, 55, 56, 57, 58, 62, 65, 75, 76, 79, 80, 81, 82, 83, 85, 86, 90, 91, 92, 95, 109, 110, 111, 116, 117, 118, 119, 120, 121, 122, 123, 124, 129, 130, 131, 132, 133, 134, 135, 136, 137, 140, 143, 145, 146, 149, 150, 151, 152, 154, 155, 158, 161, 174, 176, 178, 180, 182, 188, 190, 191, 193, 195, 196, 197], "summary": {"covered_lines": 71, "num_statements": 80, "percent_covered": 88.75, "percent_covered_display": "89", "missing_lines": 9, "excluded_lines": 0, "percent_statements_covered": 88.75, "percent_statements_covered_display": "89"}, "missing_lines": [96, 99, 100, 102, 103, 104, 105, 126, 175], "excluded_lines": [], "start_line": 1}}}, "admesh/loaders.py": {"executed_lines": [7, 9, 10, 11, 12, 14, 16, 18, 24, 25, 26, 27, 29, 31, 32, 33, 34, 35, 37, 38, 39, 41, 42, 43, 44, 46, 49, 55, 57, 58, 60, 66, 70, 71, 79, 107, 108, 109, 110, 114, 115, 116, 117, 118, 120, 121, 122, 124, 126, 127, 128, 129, 130, 131, 133, 136, 183, 208, 209, 210, 212, 213, 214, 215, 217, 218, 221, 223, 224, 225, 226, 228], "summary": {"covered_lines": 72, "num_statements": 101, "percent_covered": 71.2871287128713, "percent_covered_display": "71", "missing_lines": 29, "excluded_lines": 0, "percent_statements_covered": 71.2871287128713, "percent_statements_covered_display": "71"}, "missing_lines": [30, 40, 56, 59, 73, 74, 75, 76, 112, 152, 154, 157, 158, 160, 161, 162, 163, 164, 165, 167, 168, 171, 172, 173, 176, 177, 178, 180, 219], "excluded_lines": [], "functions": {"_shapely_sdf": {"executed_lines": [25, 26, 27, 29, 31, 32, 33, 34, 35, 37, 46], "summary": {"covered_lines": 11, "num_statements": 12, "percent_covered": 91.66666666666667, "percent_covered_display": "92", "missing_lines": 1, "excluded_lines": 0, "percent_statements_covered": 91.66666666666667, "percent_statements_covered_display": "92"}, "missing_lines": [30], "excluded_lines": [], "start_line": 24}, "_shapely_sdf.sdf": {"executed_lines": [38, 39, 41, 42, 43, 44], "summary": {"covered_lines": 6, "num_statements": 7, "percent_covered": 85.71428571428571, "percent_covered_display": "86", "missing_lines": 1, "excluded_lines": 0, "percent_statements_covered": 85.71428571428571, "percent_statements_covered_display": "86"}, "missing_lines": [40], "excluded_lines": [], "start_line": 37}, "_domain_from_polygon": {"executed_lines": [55, 57, 58, 60, 66], "summary": {"covered_lines": 5, "num_statements": 7, "percent_covered": 71.42857142857143, "percent_covered_display": "71", "missing_lines": 2, "excluded_lines": 0, "percent_statements_covered": 71.42857142857143, "percent_statements_covered_display": "71"}, "missing_lines": [56, 59], "excluded_lines": [], "start_line": 49}, "load_domain_from_toml": {"executed_lines": [107, 108, 109, 110, 114, 115, 116, 117, 118, 120, 121, 122, 124, 126, 127, 128, 129, 130, 131, 133], "summary": {"covered_lines": 20, "num_statements": 21, "percent_covered": 95.23809523809524, "percent_covered_display": "95", "missing_lines": 1, "excluded_lines": 0, "percent_statements_covered": 95.23809523809524, "percent_statements_covered_display": "95"}, "missing_lines": [112], "excluded_lines": [], "start_line": 79}, "load_domain_from_fort14": {"executed_lines": [], "summary": {"covered_lines": 0, "num_statements": 19, "percent_covered": 0.0, "percent_covered_display": "0", "missing_lines": 19, "excluded_lines": 0, "percent_statements_covered": 0.0, "percent_statements_covered_display": "0"}, "missing_lines": [152, 154, 157, 158, 160, 161, 162, 163, 164, 165, 167, 168, 171, 172, 173, 176, 177, 178, 180], "excluded_lines": [], "start_line": 136}, "load_domain_from_json": {"executed_lines": [208, 209, 210, 212, 213, 214, 215, 217, 218, 221, 223, 224, 225, 226, 228], "summary": {"covered_lines": 15, "num_statements": 16, "percent_covered": 93.75, "percent_covered_display": "94", "missing_lines": 1, "excluded_lines": 0, "percent_statements_covered": 93.75, "percent_statements_covered_display": "94"}, "missing_lines": [219], "excluded_lines": [], "start_line": 183}, "": {"executed_lines": [7, 9, 10, 11, 12, 14, 16, 18, 24, 49, 70, 71, 79, 136, 183], "summary": {"covered_lines": 15, "num_statements": 19, "percent_covered": 78.94736842105263, "percent_covered_display": "79", "missing_lines": 4, "excluded_lines": 0, "percent_statements_covered": 78.94736842105263, "percent_statements_covered_display": "79"}, "missing_lines": [73, 74, 75, 76], "excluded_lines": [], "start_line": 1}}, "classes": {"": {"executed_lines": [7, 9, 10, 11, 12, 14, 16, 18, 24, 25, 26, 27, 29, 31, 32, 33, 34, 35, 37, 38, 39, 41, 42, 43, 44, 46, 49, 55, 57, 58, 60, 66, 70, 71, 79, 107, 108, 109, 110, 114, 115, 116, 117, 118, 120, 121, 122, 124, 126, 127, 128, 129, 130, 131, 133, 136, 183, 208, 209, 210, 212, 213, 214, 215, 217, 218, 221, 223, 224, 225, 226, 228], "summary": {"covered_lines": 72, "num_statements": 101, "percent_covered": 71.2871287128713, "percent_covered_display": "71", "missing_lines": 29, "excluded_lines": 0, "percent_statements_covered": 71.2871287128713, "percent_statements_covered_display": "71"}, "missing_lines": [30, 40, 56, 59, 73, 74, 75, 76, 112, 152, 154, 157, 158, 160, 161, 162, 163, 164, 165, 167, 168, 171, 172, 173, 176, 177, 178, 180, 219], "excluded_lines": [], "start_line": 1}}}, "admesh/medial_axis.py": {"executed_lines": [24, 26, 28, 29, 30, 32, 34, 35, 37, 38, 41, 61, 82, 84, 85, 86, 87, 89, 90, 91, 92, 98, 101, 109, 110, 112, 119, 120, 121, 122, 123, 124, 125, 126, 127, 128, 130, 131, 132, 133, 134, 135, 136, 137, 139, 140, 141, 142, 143, 144, 145, 146, 147, 149, 150, 151, 152, 153, 154, 157, 162, 163, 164, 165, 166, 169, 179, 180, 181, 182, 183, 185, 186, 187, 190, 213, 214, 219, 220, 221, 222, 223, 226, 237, 238, 239, 241, 242, 244, 245, 246, 247, 248, 249, 250, 251], "summary": {"covered_lines": 96, "num_statements": 99, "percent_covered": 96.96969696969697, "percent_covered_display": "97", "missing_lines": 3, "excluded_lines": 0, "percent_statements_covered": 96.96969696969697, "percent_statements_covered_display": "97"}, "missing_lines": [184, 216, 240], "excluded_lines": [], "functions": {"_average_outward_flux": {"executed_lines": [61, 82, 84, 85, 86, 87, 89, 90, 91, 92, 98], "summary": {"covered_lines": 11, "num_statements": 11, "percent_covered": 100.0, "percent_covered_display": "100", "missing_lines": 0, "excluded_lines": 0, "percent_statements_covered": 100.0, "percent_statements_covered_display": "100"}, "missing_lines": [], "excluded_lines": [], "start_line": 41}, "_skeletonize_zhang_suen": {"executed_lines": [109, 110, 112, 149, 150, 151, 152, 153, 154], "summary": {"covered_lines": 9, "num_statements": 9, "percent_covered": 100.0, "percent_covered_display": "100", "missing_lines": 0, "excluded_lines": 0, "percent_statements_covered": 100.0, "percent_statements_covered_display": "100"}, "missing_lines": [], "excluded_lines": [], "start_line": 101}, "_skeletonize_zhang_suen._step": {"executed_lines": [119, 120, 121, 122, 123, 124, 125, 126, 127, 128, 130, 131, 132, 133, 134, 135, 136, 137, 139, 140, 141, 142, 143, 144, 145, 146, 147], "summary": {"covered_lines": 27, "num_statements": 27, "percent_covered": 100.0, "percent_covered_display": "100", "missing_lines": 0, "excluded_lines": 0, "percent_statements_covered": 100.0, "percent_statements_covered_display": "100"}, "missing_lines": [], "excluded_lines": [], "start_line": 112}, "_remove_isolated": {"executed_lines": [162, 163, 164, 165, 166], "summary": {"covered_lines": 5, "num_statements": 5, "percent_covered": 100.0, "percent_covered_display": "100", "missing_lines": 0, "excluded_lines": 0, "percent_statements_covered": 100.0, "percent_statements_covered_display": "100"}, "missing_lines": [], "excluded_lines": [], "start_line": 157}, "medial_axis_mask": {"executed_lines": [179, 180, 181, 182, 183, 185, 186, 187], "summary": {"covered_lines": 8, "num_statements": 9, "percent_covered": 88.88888888888889, "percent_covered_display": "89", "missing_lines": 1, "excluded_lines": 0, "percent_statements_covered": 88.88888888888889, "percent_statements_covered_display": "89"}, "missing_lines": [184], "excluded_lines": [], "start_line": 169}, "apply_medial_axis": {"executed_lines": [213, 214, 219, 220, 221, 222, 223], "summary": {"covered_lines": 7, "num_statements": 8, "percent_covered": 87.5, "percent_covered_display": "88", "missing_lines": 1, "excluded_lines": 0, "percent_statements_covered": 87.5, "percent_statements_covered_display": "88"}, "missing_lines": [216], "excluded_lines": [], "start_line": 190}, "medial_distance_fmm": {"executed_lines": [237, 238, 239, 241, 242, 244, 245, 246, 247, 248, 249, 250, 251], "summary": {"covered_lines": 13, "num_statements": 14, "percent_covered": 92.85714285714286, "percent_covered_display": "93", "missing_lines": 1, "excluded_lines": 0, "percent_statements_covered": 92.85714285714286, "percent_statements_covered_display": "93"}, "missing_lines": [240], "excluded_lines": [], "start_line": 226}, "": {"executed_lines": [24, 26, 28, 29, 30, 32, 34, 35, 37, 38, 41, 101, 157, 169, 190, 226], "summary": {"covered_lines": 16, "num_statements": 16, "percent_covered": 100.0, "percent_covered_display": "100", "missing_lines": 0, "excluded_lines": 0, "percent_statements_covered": 100.0, "percent_statements_covered_display": "100"}, "missing_lines": [], "excluded_lines": [], "start_line": 1}}, "classes": {"": {"executed_lines": [24, 26, 28, 29, 30, 32, 34, 35, 37, 38, 41, 61, 82, 84, 85, 86, 87, 89, 90, 91, 92, 98, 101, 109, 110, 112, 119, 120, 121, 122, 123, 124, 125, 126, 127, 128, 130, 131, 132, 133, 134, 135, 136, 137, 139, 140, 141, 142, 143, 144, 145, 146, 147, 149, 150, 151, 152, 153, 154, 157, 162, 163, 164, 165, 166, 169, 179, 180, 181, 182, 183, 185, 186, 187, 190, 213, 214, 219, 220, 221, 222, 223, 226, 237, 238, 239, 241, 242, 244, 245, 246, 247, 248, 249, 250, 251], "summary": {"covered_lines": 96, "num_statements": 99, "percent_covered": 96.96969696969697, "percent_covered_display": "97", "missing_lines": 3, "excluded_lines": 0, "percent_statements_covered": 96.96969696969697, "percent_statements_covered_display": "97"}, "missing_lines": [184, 216, 240], "excluded_lines": [], "start_line": 1}}}, "admesh/mesh_size.py": {"executed_lines": [36, 38, 39, 41, 42, 44, 49, 52, 59, 60, 61, 62, 64, 65, 66, 67, 68, 69, 71, 72, 73, 74, 75, 76, 77, 78, 80, 81, 82, 83, 85, 86, 88, 91, 93, 94, 147, 162, 163, 164, 167, 168, 169, 178, 254, 255, 256, 259, 267, 269, 271, 272, 273, 275, 276, 278, 283, 285, 286, 288, 294, 296, 297, 299, 300, 301, 303, 304, 305, 307, 308, 311, 312, 318, 319, 320, 327, 331, 332, 336, 338, 339, 340, 344, 345, 347, 349, 352, 373, 374, 377, 378, 379, 380, 381, 382, 383, 385, 386, 388, 389, 391, 392, 393, 395, 396, 397, 398, 400, 401, 402, 405, 410, 411, 412, 414, 415, 416], "summary": {"covered_lines": 118, "num_statements": 157, "percent_covered": 75.1592356687898, "percent_covered_display": "75", "missing_lines": 39, "excluded_lines": 2, "percent_statements_covered": 75.1592356687898, "percent_statements_covered_display": "75"}, "missing_lines": [101, 102, 103, 104, 105, 107, 108, 109, 110, 111, 112, 113, 114, 115, 116, 118, 119, 120, 121, 123, 124, 125, 126, 128, 129, 130, 131, 133, 134, 135, 137, 138, 139, 141, 142, 144, 165, 394, 413], "excluded_lines": [45, 46], "functions": {"_solve_iter_py": {"executed_lines": [59, 60, 61, 62, 64, 65, 66, 67, 68, 69, 71, 72, 73, 74, 75, 76, 77, 78, 80, 81, 82, 83, 85, 86, 88], "summary": {"covered_lines": 25, "num_statements": 25, "percent_covered": 100.0, "percent_covered_display": "100", "missing_lines": 0, "excluded_lines": 0, "percent_statements_covered": 100.0, "percent_statements_covered_display": "100"}, "missing_lines": [], "excluded_lines": [], "start_line": 52}, "_solve_iter_nb": {"executed_lines": [], "summary": {"covered_lines": 0, "num_statements": 36, "percent_covered": 0.0, "percent_covered_display": "0", "missing_lines": 36, "excluded_lines": 0, "percent_statements_covered": 0.0, "percent_statements_covered_display": "0"}, "missing_lines": [101, 102, 103, 104, 105, 107, 108, 109, 110, 111, 112, 113, 114, 115, 116, 118, 119, 120, 121, 123, 124, 125, 126, 128, 129, 130, 131, 133, 134, 135, 137, 138, 139, 141, 142, 144], "excluded_lines": [], "start_line": 94}, "solve_iter": {"executed_lines": [162, 163, 164, 167, 168, 169], "summary": {"covered_lines": 6, "num_statements": 7, "percent_covered": 85.71428571428571, "percent_covered_display": "86", "missing_lines": 1, "excluded_lines": 0, "percent_statements_covered": 85.71428571428571, "percent_statements_covered_display": "86"}, "missing_lines": [165], "excluded_lines": [], "start_line": 147}, "build_h": {"executed_lines": [254, 255, 256, 259, 267, 269, 271, 272, 273, 275, 276, 278, 283, 285, 286, 288, 294, 296, 297, 299, 300, 301, 303, 304, 305, 307, 308, 311, 312, 3
[...]
nes": [48, 49, 51, 54, 55, 57, 58, 60, 61, 62, 63, 64, 65, 70, 71, 73, 74, 75, 76, 77, 78, 79, 80, 81, 82, 83, 84, 85, 86, 90, 91], "summary": {"covered_lines": 31, "num_statements": 35, "percent_covered": 88.57142857142857, "percent_covered_display": "89", "missing_lines": 4, "excluded_lines": 0, "percent_statements_covered": 88.57142857142857, "percent_statements_covered_display": "89"}, "missing_lines": [52, 59, 72, 88], "excluded_lines": [], "start_line": 25}, "right_iso_quality": {"executed_lines": [131, 132, 134, 135, 136, 137, 139, 140, 142, 143, 145, 146, 147, 149, 150, 151, 152, 153, 155, 156, 160, 161, 162, 163, 164, 166, 167, 168, 172, 173, 174, 176, 177, 178, 180], "summary": {"covered_lines": 35, "num_statements": 35, "percent_covered": 100.0, "percent_covered_display": "100", "missing_lines": 0, "excluded_lines": 0, "percent_statements_covered": 100.0, "percent_statements_covered_display": "100"}, "missing_lines": [], "excluded_lines": [], "start_line": 94}, "": {"executed_lines": [19, 21, 22, 25, 94], "summary": {"covered_lines": 5, "num_statements": 5, "percent_covered": 100.0, "percent_covered_display": "100", "missing_lines": 0, "excluded_lines": 0, "percent_statements_covered": 100.0, "percent_statements_covered_display": "100"}, "missing_lines": [], "excluded_lines": [], "start_line": 1}}, "classes": {"": {"executed_lines": [19, 21, 22, 25, 48, 49, 51, 54, 55, 57, 58, 60, 61, 62, 63, 64, 65, 70, 71, 73, 74, 75, 76, 77, 78, 79, 80, 81, 82, 83, 84, 85, 86, 90, 91, 94, 131, 132, 134, 135, 136, 137, 139, 140, 142, 143, 145, 146, 147, 149, 150, 151, 152, 153, 155, 156, 160, 161, 162, 163, 164, 166, 167, 168, 172, 173, 174, 176, 177, 178, 180], "summary": {"covered_lines": 71, "num_statements": 75, "percent_covered": 94.66666666666667, "percent_covered_display": "95", "missing_lines": 4, "excluded_lines": 0, "percent_statements_covered": 94.66666666666667, "percent_statements_covered_display": "95"}, "missing_lines": [52, 59, 72, 88], "excluded_lines": [], "start_line": 1}}}, "admesh/registry.py": {"executed_lines": [7, 9, 11, 13, 14, 19, 26, 78, 111, 171, 185, 186, 188, 190, 191, 195, 201, 202, 204, 205, 212, 215, 216, 217, 219], "summary": {"covered_lines": 25, "num_statements": 56, "percent_covered": 44.642857142857146, "percent_covered_display": "45", "missing_lines": 31, "excluded_lines": 2, "percent_statements_covered": 44.642857142857146, "percent_statements_covered_display": "45"}, "missing_lines": [55, 56, 57, 58, 64, 67, 68, 69, 70, 75, 99, 100, 101, 102, 107, 108, 144, 145, 146, 147, 152, 154, 155, 156, 158, 159, 161, 164, 165, 166, 168], "excluded_lines": [16, 17], "functions": {"load_domain_from_registry": {"executed_lines": [], "summary": {"covered_lines": 0, "num_statements": 10, "percent_covered": 0.0, "percent_covered_display": "0", "missing_lines": 10, "excluded_lines": 0, "percent_statements_covered": 0.0, "percent_statements_covered_display": "0"}, "missing_lines": [55, 56, 57, 58, 64, 67, 68, 69, 70, 75], "excluded_lines": [], "start_line": 26}, "list_available_domains": {"executed_lines": [], "summary": {"covered_lines": 0, "num_statements": 6, "percent_covered": 0.0, "percent_covered_display": "0", "missing_lines": 6, "excluded_lines": 0, "percent_statements_covered": 0.0, "percent_statements_covered_display": "0"}, "missing_lines": [99, 100, 101, 102, 107, 108], "excluded_lines": [], "start_line": 78}, "load_domain_with_metadata": {"executed_lines": [], "summary": {"covered_lines": 0, "num_statements": 15, "percent_covered": 0.0, "percent_covered_display": "0", "missing_lines": 15, "excluded_lines": 0, "percent_statements_covered": 0.0, "percent_statements_covered_display": "0"}, "missing_lines": [144, 145, 146, 147, 152, 154, 155, 156, 158, 159, 161, 164, 165, 166, 168], "excluded_lines": [], "start_line": 111}, "_convert_to_admesh_domain": {"executed_lines": [185, 186, 188, 190, 191, 195, 201, 202, 204, 205, 212, 215, 216, 217, 219], "summary": {"covered_lines": 15, "num_statements": 15, "percent_covered": 100.0, "percent_covered_display": "100", "missing_lines": 0, "excluded_lines": 0, "percent_statements_covered": 100.0, "percent_statements_covered_display": "100"}, "missing_lines": [], "excluded_lines": [], "start_line": 171}, "": {"executed_lines": [7, 9, 11, 13, 14, 19, 26, 78, 111, 171], "summary": {"covered_lines": 10, "num_statements": 10, "percent_covered": 100.0, "percent_covered_display": "100", "missing_lines": 0, "excluded_lines": 2, "percent_statements_covered": 100.0, "percent_statements_covered_display": "100"}, "missing_lines": [], "excluded_lines": [16, 17], "start_line": 1}}, "classes": {"": {"executed_lines": [7, 9, 11, 13, 14, 19, 26, 78, 111, 171, 185, 186, 188, 190, 191, 195, 201, 202, 204, 205, 212, 215, 216, 217, 219], "summary": {"covered_lines": 25, "num_statements": 56, "percent_covered": 44.642857142857146, "percent_covered_display": "45", "missing_lines": 31, "excluded_lines": 2, "percent_statements_covered": 44.642857142857146, "percent_statements_covered_display": "45"}, "missing_lines": [55, 56, 57, 58, 64, 67, 68, 69, 70, 75, 99, 100, 101, 102, 107, 108, 144, 145, 146, 147, 152, 154, 155, 156, 158, 159, 161, 164, 165, 166, 168], "excluded_lines": [16, 17], "start_line": 1}}}, "admesh/routine.py": {"executed_lines": [13, 15, 17, 18, 20, 21, 22, 24, 27, 55, 56, 57, 59, 60, 61, 62, 63, 64, 65, 67, 68, 69, 70, 71, 72, 74, 76, 77, 78, 80, 81, 82, 84, 85, 86, 89, 112, 113, 115, 117, 118, 119, 120, 122, 123, 125, 129], "summary": {"covered_lines": 47, "num_statements": 47, "percent_covered": 100.0, "percent_covered_display": "100", "missing_lines": 0, "excluded_lines": 0, "percent_statements_covered": 100.0, "percent_statements_covered_display": "100"}, "missing_lines": [], "excluded_lines": [], "functions": {"_seed_boundary_1d": {"executed_lines": [55, 56, 57, 59, 60, 61, 62, 63, 64, 65, 67, 68, 69, 70, 71, 72, 74, 76, 77, 78, 80, 81, 82, 84, 85, 86], "summary": {"covered_lines": 26, "num_statements": 26, "percent_covered": 100.0, "percent_covered_display": "100", "missing_lines": 0, "excluded_lines": 0, "percent_statements_covered": 100.0, "percent_statements_covered_display": "100"}, "missing_lines": [], "excluded_lines": [], "start_line": 27}, "triangulate": {"executed_lines": [112, 113, 115, 117, 118, 119, 120, 122, 123, 125, 129], "summary": {"covered_lines": 11, "num_statements": 11, "percent_covered": 100.0, "percent_covered_display": "100", "missing_lines": 0, "excluded_lines": 0, "percent_statements_covered": 100.0, "percent_statements_covered_display": "100"}, "missing_lines": [], "excluded_lines": [], "start_line": 89}, "": {"executed_lines": [13, 15, 17, 18, 20, 21, 22, 24, 27, 89], "summary": {"covered_lines": 10, "num_statements": 10, "percent_covered": 100.0, "percent_covered_display": "100", "missing_lines": 0, "excluded_lines": 0, "percent_statements_covered": 100.0, "percent_statements_covered_display": "100"}, "missing_lines": [], "excluded_lines": [], "start_line": 1}}, "classes": {"": {"executed_lines": [13, 15, 17, 18, 20, 21, 22, 24, 27, 55, 56, 57, 59, 60, 61, 62, 63, 64, 65, 67, 68, 69, 70, 71, 72, 74, 76, 77, 78, 80, 81, 82, 84, 85, 86, 89, 112, 113, 115, 117, 118, 119, 120, 122, 123, 125, 129], "summary": {"covered_lines": 47, "num_statements": 47, "percent_covered": 100.0, "percent_covered_display": "100", "missing_lines": 0, "excluded_lines": 0, "percent_statements_covered": 100.0, "percent_statements_covered_display": "100"}, "missing_lines": [], "excluded_lines": [], "start_line": 1}}}, "admesh/size_field.py": {"executed_lines": [15, 17, 18, 20, 22, 24, 27, 29, 30, 31, 35, 38, 51, 52, 53, 54, 59, 65, 69, 70, 72, 73, 74, 75, 76, 77, 79, 80, 87, 90, 123, 124, 126, 127, 128, 129, 134, 135, 136, 140, 142, 143, 146, 152, 156], "summary": {"covered_lines": 45, "num_statements": 45, "percent_covered": 100.0, "percent_covered_display": "100", "missing_lines": 0, "excluded_lines": 0, "percent_statements_covered": 100.0, "percent_statements_covered_display": "100"}, "missing_lines": [], "excluded_lines": [], "functions": {"_evaluate": {"executed_lines": [29, 30, 31, 35], "summary": {"covered_lines": 4, "num_statements": 4, "percent_covered": 100.0, "percent_covered_display": "100", "missing_lines": 0, "excluded_lines": 0, "percent_statements_covered": 100.0, "percent_statements_covered_display": "100"}, "missing_lines": [], "excluded_lines": [], "start_line": 27}, "_sanitize_user_value": {"executed_lines": [51, 52, 53, 54, 59, 65, 69, 70, 72, 73, 74, 75, 76, 77, 79, 80, 87], "summary": {"covered_lines": 17, "num_statements": 17, "percent_covered": 100.0, "percent_covered_display": "100", "missing_lines": 0, "excluded_lines": 0, "percent_statements_covered": 100.0, "percent_statements_covered_display": "100"}, "missing_lines": [], "excluded_lines": [], "start_line": 38}, "compose_size_field": {"executed_lines": [123, 124, 126, 156], "summary": {"covered_lines": 4, "num_statements": 4, "percent_covered": 100.0, "percent_covered_display": "100", "missing_lines": 0, "excluded_lines": 0, "percent_statements_covered": 100.0, "percent_statements_covered_display": "100"}, "missing_lines": [], "excluded_lines": [], "start_line": 90}, "compose_size_field._composed": {"executed_lines": [127, 128, 129, 134, 135, 136, 140, 142, 143, 146, 152], "summary": {"covered_lines": 11, "num_statements": 11, "percent_covered": 100.0, "percent_covered_display": "100", "missing_lines": 0, "excluded_lines": 0, "percent_statements_covered": 100.0, "percent_statements_covered_display": "100"}, "missing_lines": [], "excluded_lines": [], "start_line": 126}, "": {"executed_lines": [15, 17, 18, 20, 22, 24, 27, 38, 90], "summary": {"covered_lines": 9, "num_statements": 9, "percent_covered": 100.0, "percent_covered_display": "100", "missing_lines": 0, "excluded_lines": 0, "percent_statements_covered": 100.0, "percent_statements_covered_display": "100"}, "missing_lines": [], "excluded_lines": [], "start_line": 1}}, "classes": {"": {"executed_lines": [15, 17, 18, 20, 22, 24, 27, 29, 30, 31, 35, 38, 51, 52, 53, 54, 59, 65, 69, 70, 72, 73, 74, 75, 76, 77, 79, 80, 87, 90, 123, 124, 126, 127, 128, 129, 134, 135, 136, 140, 142, 143, 146, 152, 156], "summary": {"covered_lines": 45, "num_statements": 45, "percent_covered": 100.0, "percent_covered_display": "100", "missing_lines": 0, "excluded_lines": 0, "percent_statements_covered": 100.0, "percent_statements_covered_display": "100"}, "missing_lines": [], "excluded_lines": [], "start_line": 1}}}, "admesh/valence.py": {"executed_lines": [8, 10, 11, 13, 19, 20, 22, 23, 24, 25, 28, 29, 31, 32, 33, 34, 37, 38, 40, 41, 42, 43, 44, 45, 48, 61, 62, 63, 64, 65, 66, 69, 70, 71, 73, 76, 77, 78, 79, 80, 83, 85, 86, 87, 88, 89, 90, 91, 94, 117, 118, 119, 120, 121, 122, 123, 124, 125, 127, 128, 130, 131, 132, 134, 135, 136, 137, 138, 139, 141, 142, 144, 145, 146, 147, 148, 149, 150, 152, 153, 156, 157, 158, 159, 161, 162, 165, 166, 170, 171, 172, 173, 174, 175, 176, 177, 178, 180, 181, 182, 184, 186, 187, 188, 189, 197, 207, 209, 210, 211, 212, 213], "summary": {"covered_lines": 112, "num_statements": 117, "percent_covered": 95.72649572649573, "percent_covered_display": "96", "missing_lines": 5, "excluded_lines": 2, "percent_statements_covered": 95.72649572649573, "percent_statements_covered_display": "96"}, "missing_lines": [72, 151, 154, 163, 168], "excluded_lines": [15, 16], "functions": {"compute_valence": {"executed_lines": [61, 62, 63, 64, 65, 66], "summary": {"covered_lines": 6, "num_statements": 6, "percent_covered": 100.0, "percent_covered_display": "100", "missing_lines": 0, "excluded_lines": 0, "percent_statements_covered": 100.0, "percent_statements_covered_display": "100"}, "missing_lines": [], "excluded_lines": [], "start_line": 48}, "_valence_stats": {"executed_lines": [70, 71, 73], "summary": {"covered_lines": 3, "num_statements": 4, "percent_covered": 75.0, "percent_covered_display": "75", "missing_lines": 1, "excluded_lines": 0, "percent_statements_covered": 75.0, "percent_statements_covered_display": "75"}, "missing_lines": [72], "excluded_lines": [], "start_line": 69}, "_boundary_mask": {"executed_lines": [77, 78, 79, 80], "summary": {"covered_lines": 4, "num_statements": 4, "percent_covered": 100.0, "percent_covered_display": "100", "missing_lines": 0, "excluded_lines": 0, "percent_statements_covered": 100.0, "percent_statements_covered_display": "100"}, "missing_lines": [], "excluded_lines": [], "start_line": 76}, "_tri_quality": {"executed_lines": [85, 86, 87, 88, 89, 90, 91], "summary": {"covered_lines": 7, "num_statements": 7, "percent_covered": 100.0, "percent_covered_display": "100", "missing_lines": 0, "excluded_lines": 0, "percent_statements_covered": 100.0, "percent_statements_covered_display": "100"}, "missing_lines": [], "excluded_lines": [], "start_line": 83}, "balance_valence_triangles": {"executed_lines": [117, 118, 119, 120, 121, 122, 123, 124, 125, 127, 130, 131, 132, 134, 135, 136, 137, 138, 139, 141, 142, 144, 145, 146, 147, 148, 149, 150, 152, 153, 156, 157, 158, 159, 161, 162, 165, 166, 170, 171, 172, 173, 174, 175, 176, 177, 178, 180, 181, 182, 184, 186, 187, 188, 189, 197], "summary": {"covered_lines": 56, "num_statements": 60, "percent_covered": 93.33333333333333, "percent_covered_display": "93", "missing_lines": 4, "excluded_lines": 0, "percent_statements_covered": 93.33333333333333, "percent_statements_covered_display": "93"}, "missing_lines": [151, 154, 163, 168], "excluded_lines": [], "start_line": 94}, "balance_valence_triangles._deficit": {"executed_lines": [128], "summary": {"covered_lines": 1, "num_statements": 1, "percent_covered": 100.0, "percent_covered_display": "100", "missing_lines": 0, "excluded_lines": 0, "percent_statements_covered": 100.0, "percent_statements_covered_display": "100"}, "missing_lines": [], "excluded_lines": [], "start_line": 127}, "get_valence_report": {"executed_lines": [209, 210, 211, 212, 213], "summary": {"covered_lines": 5, "num_statements": 5, "percent_covered": 100.0, "percent_covered_display": "100", "missing_lines": 0, "excluded_lines": 0, "percent_statements_covered": 100.0, "percent_statements_covered_display": "100"}, "missing_lines": [], "excluded_lines": [], "start_line": 207}, "": {"executed_lines": [8, 10, 11, 13, 19, 20, 22, 23, 24, 25, 28, 29, 31, 32, 33, 34, 37, 38, 40, 41, 42, 43, 44, 45, 48, 69, 76, 83, 94, 207], "summary": {"covered_lines": 30, "num_statements": 30, "percent_covered": 100.0, "percent_covered_display": "100", "missing_lines": 0, "excluded_lines": 2, "percent_statements_covered": 100.0, "percent_statements_covered_display": "100"}, "missing_lines": [], "excluded_lines": [15, 16], "start_line": 1}}, "classes": {"BalanceConfig": {"executed_lines": [], "summary": {"covered_lines": 0, "num_statements": 0, "percent_covered": 100.0, "percent_covered_display": "100", "missing_lines": 0, "excluded_lines": 0, "percent_statements_covered": 100.0, "percent_statements_covered_display": "100"}, "missing_lines": [], "excluded_lines": [], "start_line": 20}, "ValenceStats": {"executed_lines": [], "summary": {"covered_lines": 0, "num_statements": 0, "percent_covered": 100.0, "percent_covered_display": "100", "missing_lines": 0, "excluded_lines": 0, "percent_statements_covered": 100.0, "percent_statements_covered_display": "100"}, "missing_lines": [], "excluded_lines": [], "start_line": 29}, "BalanceResult": {"executed_lines": [], "summary": {"covered_lines": 0, "num_statements": 0, "percent_covered": 100.0, "percent_covered_display": "100", "missing_lines": 0, "excluded_lines": 0, "percent_statements_covered": 100.0, "percent_statements_covered_display": "100"}, "missing_lines": [], "excluded_lines": [], "start_line": 38}, "": {"executed_lines": [8, 10, 11, 13, 19, 20, 22, 23, 24, 25, 28, 29, 31, 32, 33, 34, 37, 38, 40, 41, 42, 43, 44, 45, 48, 61, 62, 63, 64, 65, 66, 69, 70, 71, 73, 76, 77, 78, 79, 80, 83, 85, 86, 87, 88, 89, 90, 91, 94, 117, 118, 119, 120, 121, 122, 123, 124, 125, 127, 128, 130, 131, 132, 134, 135, 136, 137, 138, 139, 141, 142, 144, 145, 146, 147, 148, 149, 150, 152, 153, 156, 157, 158, 159, 161, 162, 165, 166, 170, 171, 172, 173, 174, 175, 176, 177, 178, 180, 181, 182, 184, 186, 187, 188, 189, 197, 207, 209, 210, 211, 212, 213], "summary": {"covered_lines": 112, "num_statements": 117, "percent_covered": 95.72649572649573, "percent_covered_display": "96", "missing_lines": 5, "excluded_lines": 2, "percent_statements_covered": 95.72649572649573, "percent_statements_covered_display": "96"}, "missing_lines": [72, 151, 154, 163, 168], "excluded_lines": [15, 16], "start_line": 1}}}, "admesh/viz.py": {"executed_lines": [8, 10, 12, 14, 19, 22, 28, 31, 56, 57, 92, 157], "summary": {"covered_lines": 12, "num_statements": 72, "percent_covered": 16.666666666666668, "percent_covered_display": "17", "missing_lines": 60, "excluded_lines": 6, "percent_statements_covered": 16.666666666666668, "percent_statements_covered_display": "17"}, "missing_lines": [64, 65, 68, 69, 70, 78, 79, 80, 81, 82, 83, 85, 86, 88, 89, 121, 122, 129, 130, 133, 134, 135, 136, 139, 140, 142, 152, 153, 154, 164, 167, 168, 169, 170, 171, 172, 173, 174, 175, 178, 179, 180, 181, 184, 185, 186, 188, 189, 190, 193, 194, 195, 196, 197, 198, 199, 200, 201, 203, 205], "excluded_lines": [16, 17, 58, 59, 123, 124], "functions": {"plot_mesh": {"executed_lines": [56, 57], "summary": {"covered_lines": 2, "num_statements": 17, "percent_covered": 11.764705882352942, "percent_covered_display": "12", "missing_lines": 15, "excluded_lines": 2, "percent_statements_covered": 11.764705882352942, "percent_statements_covered_display": "12"}, "missing_lines": [64, 65, 68, 69, 70, 78, 79, 80, 81, 82, 83, 85, 86, 88, 89], "excluded_lines": [58, 59], "start_line": 31}, "plot_mesh_layers": {"executed_lines": [], "summary": {"covered_lines": 0, "num_statements": 14, "percent_covered": 0.0, "percent_covered_display": "0", "missing_lines": 14, "excluded_lines": 2, "percent_statements_covered": 0.0, "percent_statements_covered_display": "0"}, "missing_lines": [121, 122, 129, 130, 133, 134, 135, 136, 139, 140, 142, 152, 153, 154], "excluded_lines": [123, 124], "start_line": 92}, "_compute_mesh_layers": {"executed_lines": [], "summary": {"covered_lines": 0, "num_statements": 31, "percent_covered": 0.0, "percent_covered_display": "0", "missing_lines": 31, "excluded_lines": 0, "percent_statements_covered": 0.0, "percent_statements_covered_display": "0"}, "missing_lines": [164, 167, 168, 169, 170, 171, 172, 173, 174, 175, 178, 179, 180, 181, 184, 185, 186, 188, 189, 190, 193, 194, 195, 196, 197, 198, 199, 200, 201, 203, 205], "excluded_lines": [], "start_line": 157}, "": {"executed_lines": [8, 10, 12, 14, 19, 22, 28, 31, 92, 157], "summary": {"covered_lines": 10, "num_statements": 10, "percent_covered": 100.0, "percent_covered_display": "100", "missing_lines": 0, "excluded_lines": 2, "percent_statements_covered": 100.0, "percent_statements_covered_display": "100"}, "missing_lines": [], "excluded_lines": [16, 17], "start_line": 1}}, "classes": {"": {"executed_lines": [8, 10, 12, 14, 19, 22, 28, 31, 56, 57, 92, 157], "summary": {"covered_lines": 12, "num_statements": 72, "percent_covered": 16.666666666666668, "percent_covered_display": "17", "missing_lines": 60, "excluded_lines": 6, "percent_statements_covered": 16.666666666666668, "percent_statements_covered_display": "17"}, "missing_lines": [64, 65, 68, 69, 70, 78, 79, 80, 81, 82, 83, 85, 86, 88, 89, 121, 122, 129, 130, 133, 134, 135, 136, 139, 140, 142, 152, 153, 154, 164, 167, 168, 169, 170, 171, 172, 173, 174, 175, 178, 179, 180, 181, 184, 185, 186, 188, 189, 190, 193, 194, 195, 196, 197, 198, 199, 200, 201, 203, 205], "excluded_lines": [16, 17, 58, 59, 123, 124], "start_line": 1}}}}, "totals": {"covered_lines": 2182, "num_statements": 2458, "percent_covered": 88.7713588283157, "percent_covered_display": "89", "missing_lines": 276, "excluded_lines": 16, "percent_statements_covered": 88.7713588283157, "percent_statements_covered_display": "89"}}